2016-01-25 17:18:15.797	 WARN	[main]	CLASE: HibernatePersistence	 METODO: logDeprecation	LINEA:58	MSJE:HHH015016: Encountered a deprecated javax.persistence.spi.PersistenceProvider [org.hibernate.ejb.HibernatePersistence]; use [org.hibernate.jpa.HibernatePersistenceProvider] instead.
2016-01-25 17:18:15.797	 WARN	[main]	CLASE: HibernatePersistence	 METODO: logDeprecation	LINEA:58	MSJE:HHH015016: Encountered a deprecated javax.persistence.spi.PersistenceProvider [org.hibernate.ejb.HibernatePersistence]; use [org.hibernate.jpa.HibernatePersistenceProvider] instead.
2016-01-25 17:18:15.797	 WARN	[main]	CLASE: HibernatePersistence	 METODO: logDeprecation	LINEA:58	MSJE:HHH015016: Encountered a deprecated javax.persistence.spi.PersistenceProvider [org.hibernate.ejb.HibernatePersistence]; use [org.hibernate.jpa.HibernatePersistenceProvider] instead.
2016-01-25 17:18:15.938	 INFO	[main]	CLASE: LogHelper	 METODO: logPersistenceUnitInformation	LINEA:46	MSJE:HHH000204: Processing PersistenceUnitInfo [
	name: biosis-PU
	...]
2016-01-25 17:18:16.079	 INFO	[main]	CLASE: Version	 METODO: logVersion	LINEA:54	MSJE:HHH000412: Hibernate Core {4.3.11.Final}
2016-01-25 17:18:16.079	 INFO	[main]	CLASE: Environment	 METODO: <clinit>	LINEA:239	MSJE:HHH000206: hibernate.properties not found
2016-01-25 17:18:16.079	 INFO	[main]	CLASE: Environment	 METODO: buildBytecodeProvider	LINEA:346	MSJE:HHH000021: Bytecode provider name : javassist
2016-01-25 17:18:16.407	 INFO	[main]	CLASE: JavaReflectionManager	 METODO: <clinit>	LINEA:66	MSJE:HCANN000001: Hibernate Commons Annotations {4.0.5.Final}
2016-01-25 17:18:16.485	 WARN	[main]	CLASE: DriverManagerConnectionProviderImpl	 METODO: configure	LINEA:93	MSJE:HHH000402: Using Hibernate built-in connection pool (not for production use!)
2016-01-25 17:18:16.516	 INFO	[main]	CLASE: DriverManagerConnectionProviderImpl	 METODO: buildCreator	LINEA:166	MSJE:HHH000401: using driver [com.microsoft.sqlserver.jdbc.SQLServerDriver] at URL [jdbc:sqlserver://127.0.0.1:53041;databaseName=grp_biosis;sendTimeAsDatetime=false]
2016-01-25 17:18:16.516	 INFO	[main]	CLASE: DriverManagerConnectionProviderImpl	 METODO: buildCreator	LINEA:175	MSJE:HHH000046: Connection properties: {user=sa, password=****}
2016-01-25 17:18:16.516	 INFO	[main]	CLASE: DriverManagerConnectionProviderImpl	 METODO: buildCreator	LINEA:180	MSJE:HHH000006: Autocommit mode: false
2016-01-25 17:18:16.532	 INFO	[main]	CLASE: DriverManagerConnectionProviderImpl	 METODO: configure	LINEA:102	MSJE:HHH000115: Hibernate connection pool size: 20 (min=1)
2016-01-25 17:18:17.313	 INFO	[main]	CLASE: Dialect	 METODO: <init>	LINEA:145	MSJE:HHH000400: Using dialect: org.hibernate.dialect.SQLServer2005Dialect
2016-01-25 17:18:17.688	ERROR	[main]	CLASE: DlgLogin	 METODO: iniciar	LINEA:318	MSJE:[PersistenceUnit: biosis-PU] Unable to build Hibernate SessionFactory
2016-01-25 17:22:42.502	 WARN	[main]	CLASE: HibernatePersistence	 METODO: logDeprecation	LINEA:58	MSJE:HHH015016: Encountered a deprecated javax.persistence.spi.PersistenceProvider [org.hibernate.ejb.HibernatePersistence]; use [org.hibernate.jpa.HibernatePersistenceProvider] instead.
2016-01-25 17:22:42.505	 WARN	[main]	CLASE: HibernatePersistence	 METODO: logDeprecation	LINEA:58	MSJE:HHH015016: Encountered a deprecated javax.persistence.spi.PersistenceProvider [org.hibernate.ejb.HibernatePersistence]; use [org.hibernate.jpa.HibernatePersistenceProvider] instead.
2016-01-25 17:22:42.506	 WARN	[main]	CLASE: HibernatePersistence	 METODO: logDeprecation	LINEA:58	MSJE:HHH015016: Encountered a deprecated javax.persistence.spi.PersistenceProvider [org.hibernate.ejb.HibernatePersistence]; use [org.hibernate.jpa.HibernatePersistenceProvider] instead.
2016-01-25 17:22:42.631	 INFO	[main]	CLASE: LogHelper	 METODO: logPersistenceUnitInformation	LINEA:46	MSJE:HHH000204: Processing PersistenceUnitInfo [
	name: biosis-PU
	...]
2016-01-25 17:22:42.743	 INFO	[main]	CLASE: Version	 METODO: logVersion	LINEA:54	MSJE:HHH000412: Hibernate Core {4.3.11.Final}
2016-01-25 17:22:42.746	 INFO	[main]	CLASE: Environment	 METODO: <clinit>	LINEA:239	MSJE:HHH000206: hibernate.properties not found
2016-01-25 17:22:42.749	 INFO	[main]	CLASE: Environment	 METODO: buildBytecodeProvider	LINEA:346	MSJE:HHH000021: Bytecode provider name : javassist
2016-01-25 17:22:43.079	 INFO	[main]	CLASE: JavaReflectionManager	 METODO: <clinit>	LINEA:66	MSJE:HCANN000001: Hibernate Commons Annotations {4.0.5.Final}
2016-01-25 17:22:43.162	 WARN	[main]	CLASE: DriverManagerConnectionProviderImpl	 METODO: configure	LINEA:93	MSJE:HHH000402: Using Hibernate built-in connection pool (not for production use!)
2016-01-25 17:22:43.209	 INFO	[main]	CLASE: DriverManagerConnectionProviderImpl	 METODO: buildCreator	LINEA:166	MSJE:HHH000401: using driver [com.microsoft.sqlserver.jdbc.SQLServerDriver] at URL [jdbc:sqlserver://127.0.0.1:53041;databaseName=grp_biosis;sendTimeAsDatetime=false]
2016-01-25 17:22:43.210	 INFO	[main]	CLASE: DriverManagerConnectionProviderImpl	 METODO: buildCreator	LINEA:175	MSJE:HHH000046: Connection properties: {user=sa, password=****}
2016-01-25 17:22:43.211	 INFO	[main]	CLASE: DriverManagerConnectionProviderImpl	 METODO: buildCreator	LINEA:180	MSJE:HHH000006: Autocommit mode: false
2016-01-25 17:22:43.213	 INFO	[main]	CLASE: DriverManagerConnectionProviderImpl	 METODO: configure	LINEA:102	MSJE:HHH000115: Hibernate connection pool size: 20 (min=1)
2016-01-25 17:22:44.264	 INFO	[main]	CLASE: Dialect	 METODO: <init>	LINEA:145	MSJE:HHH000400: Using dialect: org.hibernate.dialect.SQLServer2005Dialect
2016-01-25 17:22:44.633	ERROR	[main]	CLASE: DAOBiosis	 METODO: getEntityManager	LINEA:68	MSJE:Unknown mappedBy in: com.biosis.biosislite.entidades.Vacacion.interrupcionVacacion, referenced property unknown: com.biosis.biosislite.entidades.InterrupcionVacacion.vacacion [PersistenceUnit: biosis-PU] Unable to build Hibernate SessionFactory
2016-01-25 17:32:04.050	 WARN	[main]	CLASE: HibernatePersistence	 METODO: logDeprecation	LINEA:58	MSJE:HHH015016: Encountered a deprecated javax.persistence.spi.PersistenceProvider [org.hibernate.ejb.HibernatePersistence]; use [org.hibernate.jpa.HibernatePersistenceProvider] instead.
2016-01-25 17:32:04.129	 WARN	[main]	CLASE: HibernatePersistence	 METODO: logDeprecation	LINEA:58	MSJE:HHH015016: Encountered a deprecated javax.persistence.spi.PersistenceProvider [org.hibernate.ejb.HibernatePersistence]; use [org.hibernate.jpa.HibernatePersistenceProvider] instead.
2016-01-25 17:32:04.130	 WARN	[main]	CLASE: HibernatePersistence	 METODO: logDeprecation	LINEA:58	MSJE:HHH015016: Encountered a deprecated javax.persistence.spi.PersistenceProvider [org.hibernate.ejb.HibernatePersistence]; use [org.hibernate.jpa.HibernatePersistenceProvider] instead.
2016-01-25 17:32:04.272	 INFO	[main]	CLASE: LogHelper	 METODO: logPersistenceUnitInformation	LINEA:46	MSJE:HHH000204: Processing PersistenceUnitInfo [
	name: biosis-PU
	...]
2016-01-25 17:32:04.388	 INFO	[main]	CLASE: Version	 METODO: logVersion	LINEA:54	MSJE:HHH000412: Hibernate Core {4.3.11.Final}
2016-01-25 17:32:04.391	 INFO	[main]	CLASE: Environment	 METODO: <clinit>	LINEA:239	MSJE:HHH000206: hibernate.properties not found
2016-01-25 17:32:04.393	 INFO	[main]	CLASE: Environment	 METODO: buildBytecodeProvider	LINEA:346	MSJE:HHH000021: Bytecode provider name : javassist
2016-01-25 17:32:04.975	 INFO	[main]	CLASE: JavaReflectionManager	 METODO: <clinit>	LINEA:66	MSJE:HCANN000001: Hibernate Commons Annotations {4.0.5.Final}
2016-01-25 17:32:05.043	 WARN	[main]	CLASE: DriverManagerConnectionProviderImpl	 METODO: configure	LINEA:93	MSJE:HHH000402: Using Hibernate built-in connection pool (not for production use!)
2016-01-25 17:32:05.091	 INFO	[main]	CLASE: DriverManagerConnectionProviderImpl	 METODO: buildCreator	LINEA:166	MSJE:HHH000401: using driver [com.microsoft.sqlserver.jdbc.SQLServerDriver] at URL [jdbc:sqlserver://127.0.0.1:53041;databaseName=grp_biosis;sendTimeAsDatetime=false]
2016-01-25 17:32:05.092	 INFO	[main]	CLASE: DriverManagerConnectionProviderImpl	 METODO: buildCreator	LINEA:175	MSJE:HHH000046: Connection properties: {user=sa, password=****}
2016-01-25 17:32:05.092	 INFO	[main]	CLASE: DriverManagerConnectionProviderImpl	 METODO: buildCreator	LINEA:180	MSJE:HHH000006: Autocommit mode: false
2016-01-25 17:32:05.094	 INFO	[main]	CLASE: DriverManagerConnectionProviderImpl	 METODO: configure	LINEA:102	MSJE:HHH000115: Hibernate connection pool size: 20 (min=1)
2016-01-25 17:32:06.793	 INFO	[main]	CLASE: Dialect	 METODO: <init>	LINEA:145	MSJE:HHH000400: Using dialect: org.hibernate.dialect.SQLServer2005Dialect
2016-01-25 17:32:07.805	 INFO	[main]	CLASE: ASTQueryTranslatorFactory	 METODO: <init>	LINEA:47	MSJE:HHH000397: Using ASTQueryTranslatorFactory
2016-01-25 17:36:57.555	 WARN	[main]	CLASE: HibernatePersistence	 METODO: logDeprecation	LINEA:58	MSJE:HHH015016: Encountered a deprecated javax.persistence.spi.PersistenceProvider [org.hibernate.ejb.HibernatePersistence]; use [org.hibernate.jpa.HibernatePersistenceProvider] instead.
2016-01-25 17:36:57.558	 WARN	[main]	CLASE: HibernatePersistence	 METODO: logDeprecation	LINEA:58	MSJE:HHH015016: Encountered a deprecated javax.persistence.spi.PersistenceProvider [org.hibernate.ejb.HibernatePersistence]; use [org.hibernate.jpa.HibernatePersistenceProvider] instead.
2016-01-25 17:36:57.559	 WARN	[main]	CLASE: HibernatePersistence	 METODO: logDeprecation	LINEA:58	MSJE:HHH015016: Encountered a deprecated javax.persistence.spi.PersistenceProvider [org.hibernate.ejb.HibernatePersistence]; use [org.hibernate.jpa.HibernatePersistenceProvider] instead.
2016-01-25 17:36:57.689	 INFO	[main]	CLASE: LogHelper	 METODO: logPersistenceUnitInformation	LINEA:46	MSJE:HHH000204: Processing PersistenceUnitInfo [
	name: biosis-PU
	...]
2016-01-25 17:36:57.816	 INFO	[main]	CLASE: Version	 METODO: logVersion	LINEA:54	MSJE:HHH000412: Hibernate Core {4.3.11.Final}
2016-01-25 17:36:57.819	 INFO	[main]	CLASE: Environment	 METODO: <clinit>	LINEA:239	MSJE:HHH000206: hibernate.properties not found
2016-01-25 17:36:57.822	 INFO	[main]	CLASE: Environment	 METODO: buildBytecodeProvider	LINEA:346	MSJE:HHH000021: Bytecode provider name : javassist
2016-01-25 17:36:58.150	 INFO	[main]	CLASE: JavaReflectionManager	 METODO: <clinit>	LINEA:66	MSJE:HCANN000001: Hibernate Commons Annotations {4.0.5.Final}
2016-01-25 17:36:58.217	 WARN	[main]	CLASE: DriverManagerConnectionProviderImpl	 METODO: configure	LINEA:93	MSJE:HHH000402: Using Hibernate built-in connection pool (not for production use!)
2016-01-25 17:36:58.268	 INFO	[main]	CLASE: DriverManagerConnectionProviderImpl	 METODO: buildCreator	LINEA:166	MSJE:HHH000401: using driver [com.microsoft.sqlserver.jdbc.SQLServerDriver] at URL [jdbc:sqlserver://127.0.0.1:53041;databaseName=grp_biosis;sendTimeAsDatetime=false]
2016-01-25 17:36:58.269	 INFO	[main]	CLASE: DriverManagerConnectionProviderImpl	 METODO: buildCreator	LINEA:175	MSJE:HHH000046: Connection properties: {user=sa, password=****}
2016-01-25 17:36:58.269	 INFO	[main]	CLASE: DriverManagerConnectionProviderImpl	 METODO: buildCreator	LINEA:180	MSJE:HHH000006: Autocommit mode: false
2016-01-25 17:36:58.271	 INFO	[main]	CLASE: DriverManagerConnectionProviderImpl	 METODO: configure	LINEA:102	MSJE:HHH000115: Hibernate connection pool size: 20 (min=1)
2016-01-25 17:36:58.812	 INFO	[main]	CLASE: Dialect	 METODO: <init>	LINEA:145	MSJE:HHH000400: Using dialect: org.hibernate.dialect.SQLServer2005Dialect
2016-01-25 17:36:59.194	 INFO	[main]	CLASE: ASTQueryTranslatorFactory	 METODO: <init>	LINEA:47	MSJE:HHH000397: Using ASTQueryTranslatorFactory
2016-01-25 19:25:15.547	 WARN	[main]	CLASE: HibernatePersistence	 METODO: logDeprecation	LINEA:58	MSJE:HHH015016: Encountered a deprecated javax.persistence.spi.PersistenceProvider [org.hibernate.ejb.HibernatePersistence]; use [org.hibernate.jpa.HibernatePersistenceProvider] instead.
2016-01-25 19:25:15.551	 WARN	[main]	CLASE: HibernatePersistence	 METODO: logDeprecation	LINEA:58	MSJE:HHH015016: Encountered a deprecated javax.persistence.spi.PersistenceProvider [org.hibernate.ejb.HibernatePersistence]; use [org.hibernate.jpa.HibernatePersistenceProvider] instead.
2016-01-25 19:25:15.552	 WARN	[main]	CLASE: HibernatePersistence	 METODO: logDeprecation	LINEA:58	MSJE:HHH015016: Encountered a deprecated javax.persistence.spi.PersistenceProvider [org.hibernate.ejb.HibernatePersistence]; use [org.hibernate.jpa.HibernatePersistenceProvider] instead.
2016-01-25 19:25:15.767	 INFO	[main]	CLASE: LogHelper	 METODO: logPersistenceUnitInformation	LINEA:46	MSJE:HHH000204: Processing PersistenceUnitInfo [
	name: biosis-PU
	...]
2016-01-25 19:25:15.902	 INFO	[main]	CLASE: Version	 METODO: logVersion	LINEA:54	MSJE:HHH000412: Hibernate Core {4.3.11.Final}
2016-01-25 19:25:15.905	 INFO	[main]	CLASE: Environment	 METODO: <clinit>	LINEA:239	MSJE:HHH000206: hibernate.properties not found
2016-01-25 19:25:15.907	 INFO	[main]	CLASE: Environment	 METODO: buildBytecodeProvider	LINEA:346	MSJE:HHH000021: Bytecode provider name : javassist
2016-01-25 19:25:16.281	 INFO	[main]	CLASE: JavaReflectionManager	 METODO: <clinit>	LINEA:66	MSJE:HCANN000001: Hibernate Commons Annotations {4.0.5.Final}
2016-01-25 19:25:16.345	 WARN	[main]	CLASE: DriverManagerConnectionProviderImpl	 METODO: configure	LINEA:93	MSJE:HHH000402: Using Hibernate built-in connection pool (not for production use!)
2016-01-25 19:25:16.389	 INFO	[main]	CLASE: DriverManagerConnectionProviderImpl	 METODO: buildCreator	LINEA:166	MSJE:HHH000401: using driver [com.microsoft.sqlserver.jdbc.SQLServerDriver] at URL [jdbc:sqlserver://127.0.0.1:53041;databaseName=sm_biosis;sendTimeAsDatetime=false]
2016-01-25 19:25:16.390	 INFO	[main]	CLASE: DriverManagerConnectionProviderImpl	 METODO: buildCreator	LINEA:175	MSJE:HHH000046: Connection properties: {user=sa, password=****}
2016-01-25 19:25:16.390	 INFO	[main]	CLASE: DriverManagerConnectionProviderImpl	 METODO: buildCreator	LINEA:180	MSJE:HHH000006: Autocommit mode: false
2016-01-25 19:25:16.392	 INFO	[main]	CLASE: DriverManagerConnectionProviderImpl	 METODO: configure	LINEA:102	MSJE:HHH000115: Hibernate connection pool size: 20 (min=1)
2016-01-25 19:25:17.189	 INFO	[main]	CLASE: Dialect	 METODO: <init>	LINEA:145	MSJE:HHH000400: Using dialect: org.hibernate.dialect.SQLServer2005Dialect
2016-01-25 19:25:17.527	 INFO	[main]	CLASE: ASTQueryTranslatorFactory	 METODO: <init>	LINEA:47	MSJE:HHH000397: Using ASTQueryTranslatorFactory
2016-01-26 10:43:05.258	 WARN	[main]	CLASE: HibernatePersistence	 METODO: logDeprecation	LINEA:58	MSJE:HHH015016: Encountered a deprecated javax.persistence.spi.PersistenceProvider [org.hibernate.ejb.HibernatePersistence]; use [org.hibernate.jpa.HibernatePersistenceProvider] instead.
2016-01-26 10:43:05.289	 WARN	[main]	CLASE: HibernatePersistence	 METODO: logDeprecation	LINEA:58	MSJE:HHH015016: Encountered a deprecated javax.persistence.spi.PersistenceProvider [org.hibernate.ejb.HibernatePersistence]; use [org.hibernate.jpa.HibernatePersistenceProvider] instead.
2016-01-26 10:43:05.289	 WARN	[main]	CLASE: HibernatePersistence	 METODO: logDeprecation	LINEA:58	MSJE:HHH015016: Encountered a deprecated javax.persistence.spi.PersistenceProvider [org.hibernate.ejb.HibernatePersistence]; use [org.hibernate.jpa.HibernatePersistenceProvider] instead.
2016-01-26 10:43:06.446	 INFO	[main]	CLASE: LogHelper	 METODO: logPersistenceUnitInformation	LINEA:46	MSJE:HHH000204: Processing PersistenceUnitInfo [
	name: biosis-PU
	...]
2016-01-26 10:43:07.150	 INFO	[main]	CLASE: Version	 METODO: logVersion	LINEA:54	MSJE:HHH000412: Hibernate Core {4.3.11.Final}
2016-01-26 10:43:07.150	 INFO	[main]	CLASE: Environment	 METODO: <clinit>	LINEA:239	MSJE:HHH000206: hibernate.properties not found
2016-01-26 10:43:07.165	 INFO	[main]	CLASE: Environment	 METODO: buildBytecodeProvider	LINEA:346	MSJE:HHH000021: Bytecode provider name : javassist
2016-01-26 10:43:07.947	 INFO	[main]	CLASE: JavaReflectionManager	 METODO: <clinit>	LINEA:66	MSJE:HCANN000001: Hibernate Commons Annotations {4.0.5.Final}
2016-01-26 10:43:08.150	 WARN	[main]	CLASE: DriverManagerConnectionProviderImpl	 METODO: configure	LINEA:93	MSJE:HHH000402: Using Hibernate built-in connection pool (not for production use!)
2016-01-26 10:43:08.290	 INFO	[main]	CLASE: DriverManagerConnectionProviderImpl	 METODO: buildCreator	LINEA:166	MSJE:HHH000401: using driver [com.microsoft.sqlserver.jdbc.SQLServerDriver] at URL [jdbc:sqlserver://127.0.0.1:53041;databaseName=sm_biosis;sendTimeAsDatetime=false]
2016-01-26 10:43:08.290	 INFO	[main]	CLASE: DriverManagerConnectionProviderImpl	 METODO: buildCreator	LINEA:175	MSJE:HHH000046: Connection properties: {user=sa, password=****}
2016-01-26 10:43:08.290	 INFO	[main]	CLASE: DriverManagerConnectionProviderImpl	 METODO: buildCreator	LINEA:180	MSJE:HHH000006: Autocommit mode: false
2016-01-26 10:43:08.306	 INFO	[main]	CLASE: DriverManagerConnectionProviderImpl	 METODO: configure	LINEA:102	MSJE:HHH000115: Hibernate connection pool size: 20 (min=1)
2016-01-26 10:43:15.868	 INFO	[main]	CLASE: Dialect	 METODO: <init>	LINEA:145	MSJE:HHH000400: Using dialect: org.hibernate.dialect.SQLServer2005Dialect
2016-01-26 10:43:16.540	 INFO	[main]	CLASE: ASTQueryTranslatorFactory	 METODO: <init>	LINEA:47	MSJE:HHH000397: Using ASTQueryTranslatorFactory
2016-01-26 11:01:53.366	 WARN	[main]	CLASE: HibernatePersistence	 METODO: logDeprecation	LINEA:58	MSJE:HHH015016: Encountered a deprecated javax.persistence.spi.PersistenceProvider [org.hibernate.ejb.HibernatePersistence]; use [org.hibernate.jpa.HibernatePersistenceProvider] instead.
2016-01-26 11:01:53.366	 WARN	[main]	CLASE: HibernatePersistence	 METODO: logDeprecation	LINEA:58	MSJE:HHH015016: Encountered a deprecated javax.persistence.spi.PersistenceProvider [org.hibernate.ejb.HibernatePersistence]; use [org.hibernate.jpa.HibernatePersistenceProvider] instead.
2016-01-26 11:01:53.366	 WARN	[main]	CLASE: HibernatePersistence	 METODO: logDeprecation	LINEA:58	MSJE:HHH015016: Encountered a deprecated javax.persistence.spi.PersistenceProvider [org.hibernate.ejb.HibernatePersistence]; use [org.hibernate.jpa.HibernatePersistenceProvider] instead.
2016-01-26 11:01:53.553	 INFO	[main]	CLASE: LogHelper	 METODO: logPersistenceUnitInformation	LINEA:46	MSJE:HHH000204: Processing PersistenceUnitInfo [
	name: biosis-PU
	...]
2016-01-26 11:01:53.678	 INFO	[main]	CLASE: Version	 METODO: logVersion	LINEA:54	MSJE:HHH000412: Hibernate Core {4.3.11.Final}
2016-01-26 11:01:53.678	 INFO	[main]	CLASE: Environment	 METODO: <clinit>	LINEA:239	MSJE:HHH000206: hibernate.properties not found
2016-01-26 11:01:53.678	 INFO	[main]	CLASE: Environment	 METODO: buildBytecodeProvider	LINEA:346	MSJE:HHH000021: Bytecode provider name : javassist
2016-01-26 11:01:54.645	 INFO	[main]	CLASE: JavaReflectionManager	 METODO: <clinit>	LINEA:66	MSJE:HCANN000001: Hibernate Commons Annotations {4.0.5.Final}
2016-01-26 11:01:55.536	 WARN	[main]	CLASE: DriverManagerConnectionProviderImpl	 METODO: configure	LINEA:93	MSJE:HHH000402: Using Hibernate built-in connection pool (not for production use!)
2016-01-26 11:01:55.583	 INFO	[main]	CLASE: DriverManagerConnectionProviderImpl	 METODO: buildCreator	LINEA:166	MSJE:HHH000401: using driver [com.microsoft.sqlserver.jdbc.SQLServerDriver] at URL [jdbc:sqlserver://127.0.0.1:53041;databaseName=sm_biosis;sendTimeAsDatetime=false]
2016-01-26 11:01:55.583	 INFO	[main]	CLASE: DriverManagerConnectionProviderImpl	 METODO: buildCreator	LINEA:175	MSJE:HHH000046: Connection properties: {user=sa, password=****}
2016-01-26 11:01:55.583	 INFO	[main]	CLASE: DriverManagerConnectionProviderImpl	 METODO: buildCreator	LINEA:180	MSJE:HHH000006: Autocommit mode: false
2016-01-26 11:01:55.583	 INFO	[main]	CLASE: DriverManagerConnectionProviderImpl	 METODO: configure	LINEA:102	MSJE:HHH000115: Hibernate connection pool size: 20 (min=1)
2016-01-26 11:01:59.159	 INFO	[main]	CLASE: Dialect	 METODO: <init>	LINEA:145	MSJE:HHH000400: Using dialect: org.hibernate.dialect.SQLServer2005Dialect
2016-01-26 11:01:59.534	 INFO	[main]	CLASE: ASTQueryTranslatorFactory	 METODO: <init>	LINEA:47	MSJE:HHH000397: Using ASTQueryTranslatorFactory
2016-01-26 11:40:27.084	 WARN	[main]	CLASE: HibernatePersistence	 METODO: logDeprecation	LINEA:58	MSJE:HHH015016: Encountered a deprecated javax.persistence.spi.PersistenceProvider [org.hibernate.ejb.HibernatePersistence]; use [org.hibernate.jpa.HibernatePersistenceProvider] instead.
2016-01-26 11:40:27.084	 WARN	[main]	CLASE: HibernatePersistence	 METODO: logDeprecation	LINEA:58	MSJE:HHH015016: Encountered a deprecated javax.persistence.spi.PersistenceProvider [org.hibernate.ejb.HibernatePersistence]; use [org.hibernate.jpa.HibernatePersistenceProvider] instead.
2016-01-26 11:40:27.084	 WARN	[main]	CLASE: HibernatePersistence	 METODO: logDeprecation	LINEA:58	MSJE:HHH015016: Encountered a deprecated javax.persistence.spi.PersistenceProvider [org.hibernate.ejb.HibernatePersistence]; use [org.hibernate.jpa.HibernatePersistenceProvider] instead.
2016-01-26 11:40:27.290	 INFO	[main]	CLASE: LogHelper	 METODO: logPersistenceUnitInformation	LINEA:46	MSJE:HHH000204: Processing PersistenceUnitInfo [
	name: biosis-PU
	...]
2016-01-26 11:40:27.447	 INFO	[main]	CLASE: Version	 METODO: logVersion	LINEA:54	MSJE:HHH000412: Hibernate Core {4.3.11.Final}
2016-01-26 11:40:27.447	 INFO	[main]	CLASE: Environment	 METODO: <clinit>	LINEA:239	MSJE:HHH000206: hibernate.properties not found
2016-01-26 11:40:27.447	 INFO	[main]	CLASE: Environment	 METODO: buildBytecodeProvider	LINEA:346	MSJE:HHH000021: Bytecode provider name : javassist
2016-01-26 11:40:27.822	 INFO	[main]	CLASE: JavaReflectionManager	 METODO: <clinit>	LINEA:66	MSJE:HCANN000001: Hibernate Commons Annotations {4.0.5.Final}
2016-01-26 11:40:27.917	 WARN	[main]	CLASE: DriverManagerConnectionProviderImpl	 METODO: configure	LINEA:93	MSJE:HHH000402: Using Hibernate built-in connection pool (not for production use!)
2016-01-26 11:40:27.985	 INFO	[main]	CLASE: DriverManagerConnectionProviderImpl	 METODO: buildCreator	LINEA:166	MSJE:HHH000401: using driver [com.microsoft.sqlserver.jdbc.SQLServerDriver] at URL [jdbc:sqlserver://127.0.0.1:53041;databaseName=sm_biosis;sendTimeAsDatetime=false]
2016-01-26 11:40:27.985	 INFO	[main]	CLASE: DriverManagerConnectionProviderImpl	 METODO: buildCreator	LINEA:175	MSJE:HHH000046: Connection properties: {user=sa, password=****}
2016-01-26 11:40:27.986	 INFO	[main]	CLASE: DriverManagerConnectionProviderImpl	 METODO: buildCreator	LINEA:180	MSJE:HHH000006: Autocommit mode: false
2016-01-26 11:40:27.989	 INFO	[main]	CLASE: DriverManagerConnectionProviderImpl	 METODO: configure	LINEA:102	MSJE:HHH000115: Hibernate connection pool size: 20 (min=1)
2016-01-26 11:40:54.887	 INFO	[main]	CLASE: Dialect	 METODO: <init>	LINEA:145	MSJE:HHH000400: Using dialect: org.hibernate.dialect.SQLServer2005Dialect
2016-01-26 11:40:55.326	 INFO	[main]	CLASE: ASTQueryTranslatorFactory	 METODO: <init>	LINEA:47	MSJE:HHH000397: Using ASTQueryTranslatorFactory
2016-01-26 11:42:23.853	 WARN	[main]	CLASE: HibernatePersistence	 METODO: logDeprecation	LINEA:58	MSJE:HHH015016: Encountered a deprecated javax.persistence.spi.PersistenceProvider [org.hibernate.ejb.HibernatePersistence]; use [org.hibernate.jpa.HibernatePersistenceProvider] instead.
2016-01-26 11:42:23.853	 WARN	[main]	CLASE: HibernatePersistence	 METODO: logDeprecation	LINEA:58	MSJE:HHH015016: Encountered a deprecated javax.persistence.spi.PersistenceProvider [org.hibernate.ejb.HibernatePersistence]; use [org.hibernate.jpa.HibernatePersistenceProvider] instead.
2016-01-26 11:42:23.853	 WARN	[main]	CLASE: HibernatePersistence	 METODO: logDeprecation	LINEA:58	MSJE:HHH015016: Encountered a deprecated javax.persistence.spi.PersistenceProvider [org.hibernate.ejb.HibernatePersistence]; use [org.hibernate.jpa.HibernatePersistenceProvider] instead.
2016-01-26 11:42:24.070	 INFO	[main]	CLASE: LogHelper	 METODO: logPersistenceUnitInformation	LINEA:46	MSJE:HHH000204: Processing PersistenceUnitInfo [
	name: biosis-PU
	...]
2016-01-26 11:42:24.242	 INFO	[main]	CLASE: Version	 METODO: logVersion	LINEA:54	MSJE:HHH000412: Hibernate Core {4.3.11.Final}
2016-01-26 11:42:24.242	 INFO	[main]	CLASE: Environment	 METODO: <clinit>	LINEA:239	MSJE:HHH000206: hibernate.properties not found
2016-01-26 11:42:24.242	 INFO	[main]	CLASE: Environment	 METODO: buildBytecodeProvider	LINEA:346	MSJE:HHH000021: Bytecode provider name : javassist
2016-01-26 11:42:24.565	 INFO	[main]	CLASE: JavaReflectionManager	 METODO: <clinit>	LINEA:66	MSJE:HCANN000001: Hibernate Commons Annotations {4.0.5.Final}
2016-01-26 11:42:24.637	 WARN	[main]	CLASE: DriverManagerConnectionProviderImpl	 METODO: configure	LINEA:93	MSJE:HHH000402: Using Hibernate built-in connection pool (not for production use!)
2016-01-26 11:42:24.689	 INFO	[main]	CLASE: DriverManagerConnectionProviderImpl	 METODO: buildCreator	LINEA:166	MSJE:HHH000401: using driver [com.microsoft.sqlserver.jdbc.SQLServerDriver] at URL [jdbc:sqlserver://127.0.0.1:53041;databaseName=sm_biosis;sendTimeAsDatetime=false]
2016-01-26 11:42:24.690	 INFO	[main]	CLASE: DriverManagerConnectionProviderImpl	 METODO: buildCreator	LINEA:175	MSJE:HHH000046: Connection properties: {user=sa, password=****}
2016-01-26 11:42:24.690	 INFO	[main]	CLASE: DriverManagerConnectionProviderImpl	 METODO: buildCreator	LINEA:180	MSJE:HHH000006: Autocommit mode: false
2016-01-26 11:42:24.694	 INFO	[main]	CLASE: DriverManagerConnectionProviderImpl	 METODO: configure	LINEA:102	MSJE:HHH000115: Hibernate connection pool size: 20 (min=1)
2016-01-26 11:42:44.643	 INFO	[main]	CLASE: Dialect	 METODO: <init>	LINEA:145	MSJE:HHH000400: Using dialect: org.hibernate.dialect.SQLServer2005Dialect
2016-01-26 11:42:45.071	 INFO	[main]	CLASE: ASTQueryTranslatorFactory	 METODO: <init>	LINEA:47	MSJE:HHH000397: Using ASTQueryTranslatorFactory
2016-01-26 12:35:49.975	 WARN	[main]	CLASE: HibernatePersistence	 METODO: logDeprecation	LINEA:58	MSJE:HHH015016: Encountered a deprecated javax.persistence.spi.PersistenceProvider [org.hibernate.ejb.HibernatePersistence]; use [org.hibernate.jpa.HibernatePersistenceProvider] instead.
2016-01-26 12:35:50.018	 WARN	[main]	CLASE: HibernatePersistence	 METODO: logDeprecation	LINEA:58	MSJE:HHH015016: Encountered a deprecated javax.persistence.spi.PersistenceProvider [org.hibernate.ejb.HibernatePersistence]; use [org.hibernate.jpa.HibernatePersistenceProvider] instead.
2016-01-26 12:35:50.019	 WARN	[main]	CLASE: HibernatePersistence	 METODO: logDeprecation	LINEA:58	MSJE:HHH015016: Encountered a deprecated javax.persistence.spi.PersistenceProvider [org.hibernate.ejb.HibernatePersistence]; use [org.hibernate.jpa.HibernatePersistenceProvider] instead.
2016-01-26 12:35:51.625	 INFO	[main]	CLASE: LogHelper	 METODO: logPersistenceUnitInformation	LINEA:46	MSJE:HHH000204: Processing PersistenceUnitInfo [
	name: biosis-PU
	...]
2016-01-26 12:35:52.132	 INFO	[main]	CLASE: Version	 METODO: logVersion	LINEA:54	MSJE:HHH000412: Hibernate Core {4.3.11.Final}
2016-01-26 12:35:52.145	 INFO	[main]	CLASE: Environment	 METODO: <clinit>	LINEA:239	MSJE:HHH000206: hibernate.properties not found
2016-01-26 12:35:52.179	 INFO	[main]	CLASE: Environment	 METODO: buildBytecodeProvider	LINEA:346	MSJE:HHH000021: Bytecode provider name : javassist
2016-01-26 12:35:53.017	 INFO	[main]	CLASE: JavaReflectionManager	 METODO: <clinit>	LINEA:66	MSJE:HCANN000001: Hibernate Commons Annotations {4.0.5.Final}
2016-01-26 12:35:53.266	 WARN	[main]	CLASE: DriverManagerConnectionProviderImpl	 METODO: configure	LINEA:93	MSJE:HHH000402: Using Hibernate built-in connection pool (not for production use!)
2016-01-26 12:35:53.549	 INFO	[main]	CLASE: DriverManagerConnectionProviderImpl	 METODO: buildCreator	LINEA:166	MSJE:HHH000401: using driver [com.microsoft.sqlserver.jdbc.SQLServerDriver] at URL [jdbc:sqlserver://127.0.0.1:53041;databaseName=sm_biosis;sendTimeAsDatetime=false]
2016-01-26 12:35:53.549	 INFO	[main]	CLASE: DriverManagerConnectionProviderImpl	 METODO: buildCreator	LINEA:175	MSJE:HHH000046: Connection properties: {user=sa, password=****}
2016-01-26 12:35:53.550	 INFO	[main]	CLASE: DriverManagerConnectionProviderImpl	 METODO: buildCreator	LINEA:180	MSJE:HHH000006: Autocommit mode: false
2016-01-26 12:35:53.552	 INFO	[main]	CLASE: DriverManagerConnectionProviderImpl	 METODO: configure	LINEA:102	MSJE:HHH000115: Hibernate connection pool size: 20 (min=1)
2016-01-26 12:35:59.913	 INFO	[main]	CLASE: Dialect	 METODO: <init>	LINEA:145	MSJE:HHH000400: Using dialect: org.hibernate.dialect.SQLServer2005Dialect
2016-01-26 12:36:00.828	 INFO	[main]	CLASE: ASTQueryTranslatorFactory	 METODO: <init>	LINEA:47	MSJE:HHH000397: Using ASTQueryTranslatorFactory
2016-01-26 12:40:43.764	 WARN	[AWT-EventQueue-0]	CLASE: HibernatePersistence	 METODO: logDeprecation	LINEA:58	MSJE:HHH015016: Encountered a deprecated javax.persistence.spi.PersistenceProvider [org.hibernate.ejb.HibernatePersistence]; use [org.hibernate.jpa.HibernatePersistenceProvider] instead.
2016-01-26 12:40:43.768	 WARN	[AWT-EventQueue-0]	CLASE: HibernatePersistence	 METODO: logDeprecation	LINEA:58	MSJE:HHH015016: Encountered a deprecated javax.persistence.spi.PersistenceProvider [org.hibernate.ejb.HibernatePersistence]; use [org.hibernate.jpa.HibernatePersistenceProvider] instead.
2016-01-26 12:40:43.769	 WARN	[AWT-EventQueue-0]	CLASE: HibernatePersistence	 METODO: logDeprecation	LINEA:58	MSJE:HHH015016: Encountered a deprecated javax.persistence.spi.PersistenceProvider [org.hibernate.ejb.HibernatePersistence]; use [org.hibernate.jpa.HibernatePersistenceProvider] instead.
2016-01-26 12:40:43.941	 INFO	[AWT-EventQueue-0]	CLASE: LogHelper	 METODO: logPersistenceUnitInformation	LINEA:46	MSJE:HHH000204: Processing PersistenceUnitInfo [
	name: biosis-PU
	...]
2016-01-26 12:40:44.120	 INFO	[AWT-EventQueue-0]	CLASE: Version	 METODO: logVersion	LINEA:54	MSJE:HHH000412: Hibernate Core {4.3.11.Final}
2016-01-26 12:40:44.123	 INFO	[AWT-EventQueue-0]	CLASE: Environment	 METODO: <clinit>	LINEA:239	MSJE:HHH000206: hibernate.properties not found
2016-01-26 12:40:44.126	 INFO	[AWT-EventQueue-0]	CLASE: Environment	 METODO: buildBytecodeProvider	LINEA:346	MSJE:HHH000021: Bytecode provider name : javassist
2016-01-26 12:40:44.475	 INFO	[AWT-EventQueue-0]	CLASE: JavaReflectionManager	 METODO: <clinit>	LINEA:66	MSJE:HCANN000001: Hibernate Commons Annotations {4.0.5.Final}
2016-01-26 12:40:44.557	 WARN	[AWT-EventQueue-0]	CLASE: DriverManagerConnectionProviderImpl	 METODO: configure	LINEA:93	MSJE:HHH000402: Using Hibernate built-in connection pool (not for production use!)
2016-01-26 12:40:44.603	 INFO	[AWT-EventQueue-0]	CLASE: DriverManagerConnectionProviderImpl	 METODO: buildCreator	LINEA:166	MSJE:HHH000401: using driver [com.microsoft.sqlserver.jdbc.SQLServerDriver] at URL [jdbc:sqlserver://127.0.0.1:53041;databaseName=sm_biosis;sendTimeAsDatetime=false]
2016-01-26 12:40:44.604	 INFO	[AWT-EventQueue-0]	CLASE: DriverManagerConnectionProviderImpl	 METODO: buildCreator	LINEA:175	MSJE:HHH000046: Connection properties: {user=sa, password=****}
2016-01-26 12:40:44.604	 INFO	[AWT-EventQueue-0]	CLASE: DriverManagerConnectionProviderImpl	 METODO: buildCreator	LINEA:180	MSJE:HHH000006: Autocommit mode: false
2016-01-26 12:40:44.607	 INFO	[AWT-EventQueue-0]	CLASE: DriverManagerConnectionProviderImpl	 METODO: configure	LINEA:102	MSJE:HHH000115: Hibernate connection pool size: 20 (min=1)
2016-01-26 12:40:45.268	 INFO	[AWT-EventQueue-0]	CLASE: Dialect	 METODO: <init>	LINEA:145	MSJE:HHH000400: Using dialect: org.hibernate.dialect.SQLServer2005Dialect
2016-01-26 12:40:45.649	 INFO	[AWT-EventQueue-0]	CLASE: ASTQueryTranslatorFactory	 METODO: <init>	LINEA:47	MSJE:HHH000397: Using ASTQueryTranslatorFactory
2016-01-26 12:41:19.948	ERROR	[AWT-EventQueue-0]	CLASE: DAOBiosis	 METODO: guardar	LINEA:102	MSJE:ERROR EN EL GUARDADO: org.hibernate.PropertyValueException: not-null property references a null or transient value : com.biosis.biosislite.entidades.Permiso.diferencia org.hibernate.PropertyValueException: not-null property references a null or transient value : com.biosis.biosislite.entidades.Permiso.diferencia org.hibernate.PropertyValueException: not-null property references a null or transient value : com.biosis.biosislite.entidades.Permiso.diferencia
2016-01-26 17:32:24.154	 WARN	[AWT-EventQueue-0]	CLASE: HibernatePersistence	 METODO: logDeprecation	LINEA:58	MSJE:HHH015016: Encountered a deprecated javax.persistence.spi.PersistenceProvider [org.hibernate.ejb.HibernatePersistence]; use [org.hibernate.jpa.HibernatePersistenceProvider] instead.
2016-01-26 17:32:24.158	 WARN	[AWT-EventQueue-0]	CLASE: HibernatePersistence	 METODO: logDeprecation	LINEA:58	MSJE:HHH015016: Encountered a deprecated javax.persistence.spi.PersistenceProvider [org.hibernate.ejb.HibernatePersistence]; use [org.hibernate.jpa.HibernatePersistenceProvider] instead.
2016-01-26 17:32:24.158	 WARN	[AWT-EventQueue-0]	CLASE: HibernatePersistence	 METODO: logDeprecation	LINEA:58	MSJE:HHH015016: Encountered a deprecated javax.persistence.spi.PersistenceProvider [org.hibernate.ejb.HibernatePersistence]; use [org.hibernate.jpa.HibernatePersistenceProvider] instead.
2016-01-26 17:32:24.291	 INFO	[AWT-EventQueue-0]	CLASE: LogHelper	 METODO: logPersistenceUnitInformation	LINEA:46	MSJE:HHH000204: Processing PersistenceUnitInfo [
	name: biosis-PU
	...]
2016-01-26 17:32:24.440	 INFO	[AWT-EventQueue-0]	CLASE: Version	 METODO: logVersion	LINEA:54	MSJE:HHH000412: Hibernate Core {4.3.11.Final}
2016-01-26 17:32:24.444	 INFO	[AWT-EventQueue-0]	CLASE: Environment	 METODO: <clinit>	LINEA:239	MSJE:HHH000206: hibernate.properties not found
2016-01-26 17:32:24.447	 INFO	[AWT-EventQueue-0]	CLASE: Environment	 METODO: buildBytecodeProvider	LINEA:346	MSJE:HHH000021: Bytecode provider name : javassist
2016-01-26 17:32:24.757	 INFO	[AWT-EventQueue-0]	CLASE: JavaReflectionManager	 METODO: <clinit>	LINEA:66	MSJE:HCANN000001: Hibernate Commons Annotations {4.0.5.Final}
2016-01-26 17:32:24.826	 WARN	[AWT-EventQueue-0]	CLASE: DriverManagerConnectionProviderImpl	 METODO: configure	LINEA:93	MSJE:HHH000402: Using Hibernate built-in connection pool (not for production use!)
2016-01-26 17:32:24.876	 INFO	[AWT-EventQueue-0]	CLASE: DriverManagerConnectionProviderImpl	 METODO: buildCreator	LINEA:166	MSJE:HHH000401: using driver [com.microsoft.sqlserver.jdbc.SQLServerDriver] at URL [jdbc:sqlserver://127.0.0.1:53041;databaseName=sm_biosis;sendTimeAsDatetime=false]
2016-01-26 17:32:24.876	 INFO	[AWT-EventQueue-0]	CLASE: DriverManagerConnectionProviderImpl	 METODO: buildCreator	LINEA:175	MSJE:HHH000046: Connection properties: {user=sa, password=****}
2016-01-26 17:32:24.877	 INFO	[AWT-EventQueue-0]	CLASE: DriverManagerConnectionProviderImpl	 METODO: buildCreator	LINEA:180	MSJE:HHH000006: Autocommit mode: false
2016-01-26 17:32:24.880	 INFO	[AWT-EventQueue-0]	CLASE: DriverManagerConnectionProviderImpl	 METODO: configure	LINEA:102	MSJE:HHH000115: Hibernate connection pool size: 20 (min=1)
2016-01-26 17:32:25.661	 INFO	[AWT-EventQueue-0]	CLASE: Dialect	 METODO: <init>	LINEA:145	MSJE:HHH000400: Using dialect: org.hibernate.dialect.SQLServer2005Dialect
2016-01-26 17:32:26.078	 INFO	[AWT-EventQueue-0]	CLASE: ASTQueryTranslatorFactory	 METODO: <init>	LINEA:47	MSJE:HHH000397: Using ASTQueryTranslatorFactory
2016-01-26 18:49:14.420	 WARN	[AWT-EventQueue-0]	CLASE: HibernatePersistence	 METODO: logDeprecation	LINEA:58	MSJE:HHH015016: Encountered a deprecated javax.persistence.spi.PersistenceProvider [org.hibernate.ejb.HibernatePersistence]; use [org.hibernate.jpa.HibernatePersistenceProvider] instead.
2016-01-26 18:49:14.423	 WARN	[AWT-EventQueue-0]	CLASE: HibernatePersistence	 METODO: logDeprecation	LINEA:58	MSJE:HHH015016: Encountered a deprecated javax.persistence.spi.PersistenceProvider [org.hibernate.ejb.HibernatePersistence]; use [org.hibernate.jpa.HibernatePersistenceProvider] instead.
2016-01-26 18:49:14.424	 WARN	[AWT-EventQueue-0]	CLASE: HibernatePersistence	 METODO: logDeprecation	LINEA:58	MSJE:HHH015016: Encountered a deprecated javax.persistence.spi.PersistenceProvider [org.hibernate.ejb.HibernatePersistence]; use [org.hibernate.jpa.HibernatePersistenceProvider] instead.
2016-01-26 18:49:14.570	 INFO	[AWT-EventQueue-0]	CLASE: LogHelper	 METODO: logPersistenceUnitInformation	LINEA:46	MSJE:HHH000204: Processing PersistenceUnitInfo [
	name: biosis-PU
	...]
2016-01-26 18:49:14.703	 INFO	[AWT-EventQueue-0]	CLASE: Version	 METODO: logVersion	LINEA:54	MSJE:HHH000412: Hibernate Core {4.3.11.Final}
2016-01-26 18:49:14.707	 INFO	[AWT-EventQueue-0]	CLASE: Environment	 METODO: <clinit>	LINEA:239	MSJE:HHH000206: hibernate.properties not found
2016-01-26 18:49:14.709	 INFO	[AWT-EventQueue-0]	CLASE: Environment	 METODO: buildBytecodeProvider	LINEA:346	MSJE:HHH000021: Bytecode provider name : javassist
2016-01-26 18:49:15.220	 INFO	[AWT-EventQueue-0]	CLASE: JavaReflectionManager	 METODO: <clinit>	LINEA:66	MSJE:HCANN000001: Hibernate Commons Annotations {4.0.5.Final}
2016-01-26 18:49:15.307	 WARN	[AWT-EventQueue-0]	CLASE: DriverManagerConnectionProviderImpl	 METODO: configure	LINEA:93	MSJE:HHH000402: Using Hibernate built-in connection pool (not for production use!)
2016-01-26 18:49:15.357	 INFO	[AWT-EventQueue-0]	CLASE: DriverManagerConnectionProviderImpl	 METODO: buildCreator	LINEA:166	MSJE:HHH000401: using driver [com.microsoft.sqlserver.jdbc.SQLServerDriver] at URL [jdbc:sqlserver://127.0.0.1:53041;databaseName=sm_biosis;sendTimeAsDatetime=false]
2016-01-26 18:49:15.358	 INFO	[AWT-EventQueue-0]	CLASE: DriverManagerConnectionProviderImpl	 METODO: buildCreator	LINEA:175	MSJE:HHH000046: Connection properties: {user=sa, password=****}
2016-01-26 18:49:15.358	 INFO	[AWT-EventQueue-0]	CLASE: DriverManagerConnectionProviderImpl	 METODO: buildCreator	LINEA:180	MSJE:HHH000006: Autocommit mode: false
2016-01-26 18:49:15.360	 INFO	[AWT-EventQueue-0]	CLASE: DriverManagerConnectionProviderImpl	 METODO: configure	LINEA:102	MSJE:HHH000115: Hibernate connection pool size: 20 (min=1)
2016-01-26 18:49:15.925	 INFO	[AWT-EventQueue-0]	CLASE: Dialect	 METODO: <init>	LINEA:145	MSJE:HHH000400: Using dialect: org.hibernate.dialect.SQLServer2005Dialect
2016-01-26 18:49:16.492	 INFO	[AWT-EventQueue-0]	CLASE: ASTQueryTranslatorFactory	 METODO: <init>	LINEA:47	MSJE:HHH000397: Using ASTQueryTranslatorFactory
2016-01-27 09:48:52.436	 WARN	[AWT-EventQueue-0]	CLASE: HibernatePersistence	 METODO: logDeprecation	LINEA:58	MSJE:HHH015016: Encountered a deprecated javax.persistence.spi.PersistenceProvider [org.hibernate.ejb.HibernatePersistence]; use [org.hibernate.jpa.HibernatePersistenceProvider] instead.
2016-01-27 09:48:52.454	 WARN	[AWT-EventQueue-0]	CLASE: HibernatePersistence	 METODO: logDeprecation	LINEA:58	MSJE:HHH015016: Encountered a deprecated javax.persistence.spi.PersistenceProvider [org.hibernate.ejb.HibernatePersistence]; use [org.hibernate.jpa.HibernatePersistenceProvider] instead.
2016-01-27 09:48:52.455	 WARN	[AWT-EventQueue-0]	CLASE: HibernatePersistence	 METODO: logDeprecation	LINEA:58	MSJE:HHH015016: Encountered a deprecated javax.persistence.spi.PersistenceProvider [org.hibernate.ejb.HibernatePersistence]; use [org.hibernate.jpa.HibernatePersistenceProvider] instead.
2016-01-27 09:48:53.555	 INFO	[AWT-EventQueue-0]	CLASE: LogHelper	 METODO: logPersistenceUnitInformation	LINEA:46	MSJE:HHH000204: Processing PersistenceUnitInfo [
	name: biosis-PU
	...]
2016-01-27 09:48:54.207	 INFO	[AWT-EventQueue-0]	CLASE: Version	 METODO: logVersion	LINEA:54	MSJE:HHH000412: Hibernate Core {4.3.11.Final}
2016-01-27 09:48:54.212	 INFO	[AWT-EventQueue-0]	CLASE: Environment	 METODO: <clinit>	LINEA:239	MSJE:HHH000206: hibernate.properties not found
2016-01-27 09:48:54.216	 INFO	[AWT-EventQueue-0]	CLASE: Environment	 METODO: buildBytecodeProvider	LINEA:346	MSJE:HHH000021: Bytecode provider name : javassist
2016-01-27 09:48:54.955	 INFO	[AWT-EventQueue-0]	CLASE: JavaReflectionManager	 METODO: <clinit>	LINEA:66	MSJE:HCANN000001: Hibernate Commons Annotations {4.0.5.Final}
2016-01-27 09:48:55.253	 WARN	[AWT-EventQueue-0]	CLASE: DriverManagerConnectionProviderImpl	 METODO: configure	LINEA:93	MSJE:HHH000402: Using Hibernate built-in connection pool (not for production use!)
2016-01-27 09:48:55.471	 INFO	[AWT-EventQueue-0]	CLASE: DriverManagerConnectionProviderImpl	 METODO: buildCreator	LINEA:166	MSJE:HHH000401: using driver [com.microsoft.sqlserver.jdbc.SQLServerDriver] at URL [jdbc:sqlserver://127.0.0.1:53041;databaseName=sm_biosis;sendTimeAsDatetime=false]
2016-01-27 09:48:55.472	 INFO	[AWT-EventQueue-0]	CLASE: DriverManagerConnectionProviderImpl	 METODO: buildCreator	LINEA:175	MSJE:HHH000046: Connection properties: {user=sa, password=****}
2016-01-27 09:48:55.472	 INFO	[AWT-EventQueue-0]	CLASE: DriverManagerConnectionProviderImpl	 METODO: buildCreator	LINEA:180	MSJE:HHH000006: Autocommit mode: false
2016-01-27 09:48:55.475	 INFO	[AWT-EventQueue-0]	CLASE: DriverManagerConnectionProviderImpl	 METODO: configure	LINEA:102	MSJE:HHH000115: Hibernate connection pool size: 20 (min=1)
2016-01-27 09:49:31.943	 INFO	[AWT-EventQueue-0]	CLASE: Dialect	 METODO: <init>	LINEA:145	MSJE:HHH000400: Using dialect: org.hibernate.dialect.SQLServer2005Dialect
2016-01-27 09:49:33.915	 INFO	[AWT-EventQueue-0]	CLASE: ASTQueryTranslatorFactory	 METODO: <init>	LINEA:47	MSJE:HHH000397: Using ASTQueryTranslatorFactory
2016-01-27 18:17:19.239	 WARN	[main]	CLASE: HibernatePersistence	 METODO: logDeprecation	LINEA:58	MSJE:HHH015016: Encountered a deprecated javax.persistence.spi.PersistenceProvider [org.hibernate.ejb.HibernatePersistence]; use [org.hibernate.jpa.HibernatePersistenceProvider] instead.
2016-01-27 18:17:19.268	 WARN	[main]	CLASE: HibernatePersistence	 METODO: logDeprecation	LINEA:58	MSJE:HHH015016: Encountered a deprecated javax.persistence.spi.PersistenceProvider [org.hibernate.ejb.HibernatePersistence]; use [org.hibernate.jpa.HibernatePersistenceProvider] instead.
2016-01-27 18:17:19.269	 WARN	[main]	CLASE: HibernatePersistence	 METODO: logDeprecation	LINEA:58	MSJE:HHH015016: Encountered a deprecated javax.persistence.spi.PersistenceProvider [org.hibernate.ejb.HibernatePersistence]; use [org.hibernate.jpa.HibernatePersistenceProvider] instead.
2016-01-27 18:17:20.152	 INFO	[main]	CLASE: LogHelper	 METODO: logPersistenceUnitInformation	LINEA:46	MSJE:HHH000204: Processing PersistenceUnitInfo [
	name: biosis-PU
	...]
2016-01-27 18:17:20.571	 INFO	[main]	CLASE: Version	 METODO: logVersion	LINEA:54	MSJE:HHH000412: Hibernate Core {4.3.11.Final}
2016-01-27 18:17:20.576	 INFO	[main]	CLASE: Environment	 METODO: <clinit>	LINEA:239	MSJE:HHH000206: hibernate.properties not found
2016-01-27 18:17:20.580	 INFO	[main]	CLASE: Environment	 METODO: buildBytecodeProvider	LINEA:346	MSJE:HHH000021: Bytecode provider name : javassist
2016-01-27 18:17:21.727	 INFO	[main]	CLASE: JavaReflectionManager	 METODO: <clinit>	LINEA:66	MSJE:HCANN000001: Hibernate Commons Annotations {4.0.5.Final}
2016-01-27 18:17:21.914	 WARN	[main]	CLASE: DriverManagerConnectionProviderImpl	 METODO: configure	LINEA:93	MSJE:HHH000402: Using Hibernate built-in connection pool (not for production use!)
2016-01-27 18:17:22.098	 INFO	[main]	CLASE: DriverManagerConnectionProviderImpl	 METODO: buildCreator	LINEA:166	MSJE:HHH000401: using driver [com.microsoft.sqlserver.jdbc.SQLServerDriver] at URL [jdbc:sqlserver://SDB20000.distriluz.com.pe;databaseName=biosis;sendTimeAsDatetime=false]
2016-01-27 18:17:22.099	 INFO	[main]	CLASE: DriverManagerConnectionProviderImpl	 METODO: buildCreator	LINEA:175	MSJE:HHH000046: Connection properties: {user=adminbiosis, password=****}
2016-01-27 18:17:22.099	 INFO	[main]	CLASE: DriverManagerConnectionProviderImpl	 METODO: buildCreator	LINEA:180	MSJE:HHH000006: Autocommit mode: false
2016-01-27 18:17:22.102	 INFO	[main]	CLASE: DriverManagerConnectionProviderImpl	 METODO: configure	LINEA:102	MSJE:HHH000115: Hibernate connection pool size: 20 (min=1)
2016-01-27 18:17:23.528	 INFO	[main]	CLASE: Dialect	 METODO: <init>	LINEA:145	MSJE:HHH000400: Using dialect: org.hibernate.dialect.SQLServer2008Dialect
2016-01-27 18:17:24.359	 INFO	[main]	CLASE: ASTQueryTranslatorFactory	 METODO: <init>	LINEA:47	MSJE:HHH000397: Using ASTQueryTranslatorFactory
2016-01-27 19:19:57.638	 WARN	[AWT-EventQueue-0]	CLASE: HibernatePersistence	 METODO: logDeprecation	LINEA:58	MSJE:HHH015016: Encountered a deprecated javax.persistence.spi.PersistenceProvider [org.hibernate.ejb.HibernatePersistence]; use [org.hibernate.jpa.HibernatePersistenceProvider] instead.
2016-01-27 19:19:57.647	 WARN	[AWT-EventQueue-0]	CLASE: HibernatePersistence	 METODO: logDeprecation	LINEA:58	MSJE:HHH015016: Encountered a deprecated javax.persistence.spi.PersistenceProvider [org.hibernate.ejb.HibernatePersistence]; use [org.hibernate.jpa.HibernatePersistenceProvider] instead.
2016-01-27 19:19:57.648	 WARN	[AWT-EventQueue-0]	CLASE: HibernatePersistence	 METODO: logDeprecation	LINEA:58	MSJE:HHH015016: Encountered a deprecated javax.persistence.spi.PersistenceProvider [org.hibernate.ejb.HibernatePersistence]; use [org.hibernate.jpa.HibernatePersistenceProvider] instead.
2016-01-27 19:19:57.997	 INFO	[AWT-EventQueue-0]	CLASE: LogHelper	 METODO: logPersistenceUnitInformation	LINEA:46	MSJE:HHH000204: Processing PersistenceUnitInfo [
	name: biosis-PU
	...]
2016-01-27 19:19:58.355	 INFO	[AWT-EventQueue-0]	CLASE: Version	 METODO: logVersion	LINEA:54	MSJE:HHH000412: Hibernate Core {4.3.11.Final}
2016-01-27 19:19:58.364	 INFO	[AWT-EventQueue-0]	CLASE: Environment	 METODO: <clinit>	LINEA:239	MSJE:HHH000206: hibernate.properties not found
2016-01-27 19:19:58.372	 INFO	[AWT-EventQueue-0]	CLASE: Environment	 METODO: buildBytecodeProvider	LINEA:346	MSJE:HHH000021: Bytecode provider name : javassist
2016-01-27 19:19:59.081	 INFO	[AWT-EventQueue-0]	CLASE: JavaReflectionManager	 METODO: <clinit>	LINEA:66	MSJE:HCANN000001: Hibernate Commons Annotations {4.0.5.Final}
2016-01-27 19:19:59.263	 WARN	[AWT-EventQueue-0]	CLASE: DriverManagerConnectionProviderImpl	 METODO: configure	LINEA:93	MSJE:HHH000402: Using Hibernate built-in connection pool (not for production use!)
2016-01-27 19:19:59.376	 INFO	[AWT-EventQueue-0]	CLASE: DriverManagerConnectionProviderImpl	 METODO: buildCreator	LINEA:166	MSJE:HHH000401: using driver [com.microsoft.sqlserver.jdbc.SQLServerDriver] at URL [jdbc:sqlserver://SDB20000.distriluz.com.pe;databaseName=biosis;sendTimeAsDatetime=false]
2016-01-27 19:19:59.377	 INFO	[AWT-EventQueue-0]	CLASE: DriverManagerConnectionProviderImpl	 METODO: buildCreator	LINEA:175	MSJE:HHH000046: Connection properties: {user=adminbiosis, password=****}
2016-01-27 19:19:59.378	 INFO	[AWT-EventQueue-0]	CLASE: DriverManagerConnectionProviderImpl	 METODO: buildCreator	LINEA:180	MSJE:HHH000006: Autocommit mode: false
2016-01-27 19:19:59.383	 INFO	[AWT-EventQueue-0]	CLASE: DriverManagerConnectionProviderImpl	 METODO: configure	LINEA:102	MSJE:HHH000115: Hibernate connection pool size: 20 (min=1)
2016-01-27 19:20:13.448	ERROR	[AWT-EventQueue-0]	CLASE: DAOBiosis	 METODO: getEntityManager	LINEA:68	MSJE:Error calling Driver#connect Unable to build entity manager factory
2016-01-27 19:26:33.006	 WARN	[AWT-EventQueue-0]	CLASE: HibernatePersistence	 METODO: logDeprecation	LINEA:58	MSJE:HHH015016: Encountered a deprecated javax.persistence.spi.PersistenceProvider [org.hibernate.ejb.HibernatePersistence]; use [org.hibernate.jpa.HibernatePersistenceProvider] instead.
2016-01-27 19:26:33.013	 WARN	[AWT-EventQueue-0]	CLASE: HibernatePersistence	 METODO: logDeprecation	LINEA:58	MSJE:HHH015016: Encountered a deprecated javax.persistence.spi.PersistenceProvider [org.hibernate.ejb.HibernatePersistence]; use [org.hibernate.jpa.HibernatePersistenceProvider] instead.
2016-01-27 19:26:33.014	 WARN	[AWT-EventQueue-0]	CLASE: HibernatePersistence	 METODO: logDeprecation	LINEA:58	MSJE:HHH015016: Encountered a deprecated javax.persistence.spi.PersistenceProvider [org.hibernate.ejb.HibernatePersistence]; use [org.hibernate.jpa.HibernatePersistenceProvider] instead.
2016-01-27 19:26:33.328	 INFO	[AWT-EventQueue-0]	CLASE: LogHelper	 METODO: logPersistenceUnitInformation	LINEA:46	MSJE:HHH000204: Processing PersistenceUnitInfo [
	name: biosis-PU
	...]
2016-01-27 19:26:33.637	 INFO	[AWT-EventQueue-0]	CLASE: Version	 METODO: logVersion	LINEA:54	MSJE:HHH000412: Hibernate Core {4.3.11.Final}
2016-01-27 19:26:33.643	 INFO	[AWT-EventQueue-0]	CLASE: Environment	 METODO: <clinit>	LINEA:239	MSJE:HHH000206: hibernate.properties not found
2016-01-27 19:26:33.649	 INFO	[AWT-EventQueue-0]	CLASE: Environment	 METODO: buildBytecodeProvider	LINEA:346	MSJE:HHH000021: Bytecode provider name : javassist
2016-01-27 19:26:34.317	 INFO	[AWT-EventQueue-0]	CLASE: JavaReflectionManager	 METODO: <clinit>	LINEA:66	MSJE:HCANN000001: Hibernate Commons Annotations {4.0.5.Final}
2016-01-27 19:26:34.485	 WARN	[AWT-EventQueue-0]	CLASE: DriverManagerConnectionProviderImpl	 METODO: configure	LINEA:93	MSJE:HHH000402: Using Hibernate built-in connection pool (not for production use!)
2016-01-27 19:26:34.594	 INFO	[AWT-EventQueue-0]	CLASE: DriverManagerConnectionProviderImpl	 METODO: buildCreator	LINEA:166	MSJE:HHH000401: using driver [com.microsoft.sqlserver.jdbc.SQLServerDriver] at URL [jdbc:sqlserver://127.0.0.1:53041;databaseName=sm_biosis;sendTimeAsDatetime=false]
2016-01-27 19:26:34.596	 INFO	[AWT-EventQueue-0]	CLASE: DriverManagerConnectionProviderImpl	 METODO: buildCreator	LINEA:175	MSJE:HHH000046: Connection properties: {user=sa, password=****}
2016-01-27 19:26:34.597	 INFO	[AWT-EventQueue-0]	CLASE: DriverManagerConnectionProviderImpl	 METODO: buildCreator	LINEA:180	MSJE:HHH000006: Autocommit mode: false
2016-01-27 19:26:34.603	 INFO	[AWT-EventQueue-0]	CLASE: DriverManagerConnectionProviderImpl	 METODO: configure	LINEA:102	MSJE:HHH000115: Hibernate connection pool size: 20 (min=1)
2016-01-27 19:26:37.345	 INFO	[AWT-EventQueue-0]	CLASE: Dialect	 METODO: <init>	LINEA:145	MSJE:HHH000400: Using dialect: org.hibernate.dialect.SQLServer2005Dialect
2016-01-27 19:26:38.208	 INFO	[AWT-EventQueue-0]	CLASE: ASTQueryTranslatorFactory	 METODO: <init>	LINEA:47	MSJE:HHH000397: Using ASTQueryTranslatorFactory
2016-01-27 19:28:50.194	 WARN	[AWT-EventQueue-0]	CLASE: HibernatePersistence	 METODO: logDeprecation	LINEA:58	MSJE:HHH015016: Encountered a deprecated javax.persistence.spi.PersistenceProvider [org.hibernate.ejb.HibernatePersistence]; use [org.hibernate.jpa.HibernatePersistenceProvider] instead.
2016-01-27 19:28:50.201	 WARN	[AWT-EventQueue-0]	CLASE: HibernatePersistence	 METODO: logDeprecation	LINEA:58	MSJE:HHH015016: Encountered a deprecated javax.persistence.spi.PersistenceProvider [org.hibernate.ejb.HibernatePersistence]; use [org.hibernate.jpa.HibernatePersistenceProvider] instead.
2016-01-27 19:28:50.202	 WARN	[AWT-EventQueue-0]	CLASE: HibernatePersistence	 METODO: logDeprecation	LINEA:58	MSJE:HHH015016: Encountered a deprecated javax.persistence.spi.PersistenceProvider [org.hibernate.ejb.HibernatePersistence]; use [org.hibernate.jpa.HibernatePersistenceProvider] instead.
2016-01-27 19:28:50.529	 INFO	[AWT-EventQueue-0]	CLASE: LogHelper	 METODO: logPersistenceUnitInformation	LINEA:46	MSJE:HHH000204: Processing PersistenceUnitInfo [
	name: biosis-PU
	...]
2016-01-27 19:28:50.834	 INFO	[AWT-EventQueue-0]	CLASE: Version	 METODO: logVersion	LINEA:54	MSJE:HHH000412: Hibernate Core {4.3.11.Final}
2016-01-27 19:28:50.840	 INFO	[AWT-EventQueue-0]	CLASE: Environment	 METODO: <clinit>	LINEA:239	MSJE:HHH000206: hibernate.properties not found
2016-01-27 19:28:50.846	 INFO	[AWT-EventQueue-0]	CLASE: Environment	 METODO: buildBytecodeProvider	LINEA:346	MSJE:HHH000021: Bytecode provider name : javassist
2016-01-27 19:28:51.513	 INFO	[AWT-EventQueue-0]	CLASE: JavaReflectionManager	 METODO: <clinit>	LINEA:66	MSJE:HCANN000001: Hibernate Commons Annotations {4.0.5.Final}
2016-01-27 19:28:51.681	 WARN	[AWT-EventQueue-0]	CLASE: DriverManagerConnectionProviderImpl	 METODO: configure	LINEA:93	MSJE:HHH000402: Using Hibernate built-in connection pool (not for production use!)
2016-01-27 19:28:51.785	 INFO	[AWT-EventQueue-0]	CLASE: DriverManagerConnectionProviderImpl	 METODO: buildCreator	LINEA:166	MSJE:HHH000401: using driver [com.microsoft.sqlserver.jdbc.SQLServerDriver] at URL [jdbc:sqlserver://127.0.0.1:53041;databaseName=sm_biosis;sendTimeAsDatetime=false]
2016-01-27 19:28:51.786	 INFO	[AWT-EventQueue-0]	CLASE: DriverManagerConnectionProviderImpl	 METODO: buildCreator	LINEA:175	MSJE:HHH000046: Connection properties: {user=sa, password=****}
2016-01-27 19:28:51.787	 INFO	[AWT-EventQueue-0]	CLASE: DriverManagerConnectionProviderImpl	 METODO: buildCreator	LINEA:180	MSJE:HHH000006: Autocommit mode: false
2016-01-27 19:28:51.792	 INFO	[AWT-EventQueue-0]	CLASE: DriverManagerConnectionProviderImpl	 METODO: configure	LINEA:102	MSJE:HHH000115: Hibernate connection pool size: 20 (min=1)
2016-01-27 19:28:53.013	 INFO	[AWT-EventQueue-0]	CLASE: Dialect	 METODO: <init>	LINEA:145	MSJE:HHH000400: Using dialect: org.hibernate.dialect.SQLServer2005Dialect
2016-01-27 19:28:53.870	 INFO	[AWT-EventQueue-0]	CLASE: ASTQueryTranslatorFactory	 METODO: <init>	LINEA:47	MSJE:HHH000397: Using ASTQueryTranslatorFactory
2016-01-28 09:35:35.174	 WARN	[main]	CLASE: HibernatePersistence	 METODO: logDeprecation	LINEA:58	MSJE:HHH015016: Encountered a deprecated javax.persistence.spi.PersistenceProvider [org.hibernate.ejb.HibernatePersistence]; use [org.hibernate.jpa.HibernatePersistenceProvider] instead.
2016-01-28 09:35:35.187	 WARN	[main]	CLASE: HibernatePersistence	 METODO: logDeprecation	LINEA:58	MSJE:HHH015016: Encountered a deprecated javax.persistence.spi.PersistenceProvider [org.hibernate.ejb.HibernatePersistence]; use [org.hibernate.jpa.HibernatePersistenceProvider] instead.
2016-01-28 09:35:35.188	 WARN	[main]	CLASE: HibernatePersistence	 METODO: logDeprecation	LINEA:58	MSJE:HHH015016: Encountered a deprecated javax.persistence.spi.PersistenceProvider [org.hibernate.ejb.HibernatePersistence]; use [org.hibernate.jpa.HibernatePersistenceProvider] instead.
2016-01-28 09:35:36.591	 INFO	[main]	CLASE: LogHelper	 METODO: logPersistenceUnitInformation	LINEA:46	MSJE:HHH000204: Processing PersistenceUnitInfo [
	name: biosis-PU
	...]
2016-01-28 09:35:37.199	 INFO	[main]	CLASE: Version	 METODO: logVersion	LINEA:54	MSJE:HHH000412: Hibernate Core {4.3.11.Final}
2016-01-28 09:35:37.205	 INFO	[main]	CLASE: Environment	 METODO: <clinit>	LINEA:239	MSJE:HHH000206: hibernate.properties not found
2016-01-28 09:35:37.236	 INFO	[main]	CLASE: Environment	 METODO: buildBytecodeProvider	LINEA:346	MSJE:HHH000021: Bytecode provider name : javassist
2016-01-28 09:35:38.063	 INFO	[main]	CLASE: JavaReflectionManager	 METODO: <clinit>	LINEA:66	MSJE:HCANN000001: Hibernate Commons Annotations {4.0.5.Final}
2016-01-28 09:35:38.251	 WARN	[main]	CLASE: DriverManagerConnectionProviderImpl	 METODO: configure	LINEA:93	MSJE:HHH000402: Using Hibernate built-in connection pool (not for production use!)
2016-01-28 09:35:38.397	 INFO	[main]	CLASE: DriverManagerConnectionProviderImpl	 METODO: buildCreator	LINEA:166	MSJE:HHH000401: using driver [com.microsoft.sqlserver.jdbc.SQLServerDriver] at URL [jdbc:sqlserver://127.0.0.1:53041;databaseName=sm_biosis;sendTimeAsDatetime=false]
2016-01-28 09:35:38.398	 INFO	[main]	CLASE: DriverManagerConnectionProviderImpl	 METODO: buildCreator	LINEA:175	MSJE:HHH000046: Connection properties: {user=sa, password=****}
2016-01-28 09:35:38.398	 INFO	[main]	CLASE: DriverManagerConnectionProviderImpl	 METODO: buildCreator	LINEA:180	MSJE:HHH000006: Autocommit mode: false
2016-01-28 09:35:38.400	 INFO	[main]	CLASE: DriverManagerConnectionProviderImpl	 METODO: configure	LINEA:102	MSJE:HHH000115: Hibernate connection pool size: 20 (min=1)
2016-01-28 09:35:40.039	 INFO	[main]	CLASE: Dialect	 METODO: <init>	LINEA:145	MSJE:HHH000400: Using dialect: org.hibernate.dialect.SQLServer2005Dialect
2016-01-28 09:35:40.893	 INFO	[main]	CLASE: ASTQueryTranslatorFactory	 METODO: <init>	LINEA:47	MSJE:HHH000397: Using ASTQueryTranslatorFactory
2016-01-28 09:39:27.334	 WARN	[main]	CLASE: HibernatePersistence	 METODO: logDeprecation	LINEA:58	MSJE:HHH015016: Encountered a deprecated javax.persistence.spi.PersistenceProvider [org.hibernate.ejb.HibernatePersistence]; use [org.hibernate.jpa.HibernatePersistenceProvider] instead.
2016-01-28 09:39:27.338	 WARN	[main]	CLASE: HibernatePersistence	 METODO: logDeprecation	LINEA:58	MSJE:HHH015016: Encountered a deprecated javax.persistence.spi.PersistenceProvider [org.hibernate.ejb.HibernatePersistence]; use [org.hibernate.jpa.HibernatePersistenceProvider] instead.
2016-01-28 09:39:27.339	 WARN	[main]	CLASE: HibernatePersistence	 METODO: logDeprecation	LINEA:58	MSJE:HHH015016: Encountered a deprecated javax.persistence.spi.PersistenceProvider [org.hibernate.ejb.HibernatePersistence]; use [org.hibernate.jpa.HibernatePersistenceProvider] instead.
2016-01-28 09:39:27.492	 INFO	[main]	CLASE: LogHelper	 METODO: logPersistenceUnitInformation	LINEA:46	MSJE:HHH000204: Processing PersistenceUnitInfo [
	name: biosis-PU
	...]
2016-01-28 09:39:27.623	 INFO	[main]	CLASE: Version	 METODO: logVersion	LINEA:54	MSJE:HHH000412: Hibernate Core {4.3.11.Final}
2016-01-28 09:39:27.626	 INFO	[main]	CLASE: Environment	 METODO: <clinit>	LINEA:239	MSJE:HHH000206: hibernate.properties not found
2016-01-28 09:39:27.629	 INFO	[main]	CLASE: Environment	 METODO: buildBytecodeProvider	LINEA:346	MSJE:HHH000021: Bytecode provider name : javassist
2016-01-28 09:39:27.928	 INFO	[main]	CLASE: JavaReflectionManager	 METODO: <clinit>	LINEA:66	MSJE:HCANN000001: Hibernate Commons Annotations {4.0.5.Final}
2016-01-28 09:39:28.007	 WARN	[main]	CLASE: DriverManagerConnectionProviderImpl	 METODO: configure	LINEA:93	MSJE:HHH000402: Using Hibernate built-in connection pool (not for production use!)
2016-01-28 09:39:28.054	 INFO	[main]	CLASE: DriverManagerConnectionProviderImpl	 METODO: buildCreator	LINEA:166	MSJE:HHH000401: using driver [com.microsoft.sqlserver.jdbc.SQLServerDriver] at URL [jdbc:sqlserver://127.0.0.1:53041;databaseName=sm_biosis;sendTimeAsDatetime=false]
2016-01-28 09:39:28.055	 INFO	[main]	CLASE: DriverManagerConnectionProviderImpl	 METODO: buildCreator	LINEA:175	MSJE:HHH000046: Connection properties: {user=sa, password=****}
2016-01-28 09:39:28.055	 INFO	[main]	CLASE: DriverManagerConnectionProviderImpl	 METODO: buildCreator	LINEA:180	MSJE:HHH000006: Autocommit mode: false
2016-01-28 09:39:28.057	 INFO	[main]	CLASE: DriverManagerConnectionProviderImpl	 METODO: configure	LINEA:102	MSJE:HHH000115: Hibernate connection pool size: 20 (min=1)
2016-01-28 09:39:28.598	 INFO	[main]	CLASE: Dialect	 METODO: <init>	LINEA:145	MSJE:HHH000400: Using dialect: org.hibernate.dialect.SQLServer2005Dialect
2016-01-28 09:39:28.963	 INFO	[main]	CLASE: ASTQueryTranslatorFactory	 METODO: <init>	LINEA:47	MSJE:HHH000397: Using ASTQueryTranslatorFactory
2016-01-28 09:41:15.665	 WARN	[main]	CLASE: HibernatePersistence	 METODO: logDeprecation	LINEA:58	MSJE:HHH015016: Encountered a deprecated javax.persistence.spi.PersistenceProvider [org.hibernate.ejb.HibernatePersistence]; use [org.hibernate.jpa.HibernatePersistenceProvider] instead.
2016-01-28 09:41:15.668	 WARN	[main]	CLASE: HibernatePersistence	 METODO: logDeprecation	LINEA:58	MSJE:HHH015016: Encountered a deprecated javax.persistence.spi.PersistenceProvider [org.hibernate.ejb.HibernatePersistence]; use [org.hibernate.jpa.HibernatePersistenceProvider] instead.
2016-01-28 09:41:15.670	 WARN	[main]	CLASE: HibernatePersistence	 METODO: logDeprecation	LINEA:58	MSJE:HHH015016: Encountered a deprecated javax.persistence.spi.PersistenceProvider [org.hibernate.ejb.HibernatePersistence]; use [org.hibernate.jpa.HibernatePersistenceProvider] instead.
2016-01-28 09:41:15.820	 INFO	[main]	CLASE: LogHelper	 METODO: logPersistenceUnitInformation	LINEA:46	MSJE:HHH000204: Processing PersistenceUnitInfo [
	name: biosis-PU
	...]
2016-01-28 09:41:15.945	 INFO	[main]	CLASE: Version	 METODO: logVersion	LINEA:54	MSJE:HHH000412: Hibernate Core {4.3.11.Final}
2016-01-28 09:41:15.949	 INFO	[main]	CLASE: Environment	 METODO: <clinit>	LINEA:239	MSJE:HHH000206: hibernate.properties not found
2016-01-28 09:41:15.951	 INFO	[main]	CLASE: Environment	 METODO: buildBytecodeProvider	LINEA:346	MSJE:HHH000021: Bytecode provider name : javassist
2016-01-28 09:41:16.222	 INFO	[main]	CLASE: JavaReflectionManager	 METODO: <clinit>	LINEA:66	MSJE:HCANN000001: Hibernate Commons Annotations {4.0.5.Final}
2016-01-28 09:41:16.289	 WARN	[main]	CLASE: DriverManagerConnectionProviderImpl	 METODO: configure	LINEA:93	MSJE:HHH000402: Using Hibernate built-in connection pool (not for production use!)
2016-01-28 09:41:16.343	 INFO	[main]	CLASE: DriverManagerConnectionProviderImpl	 METODO: buildCreator	LINEA:166	MSJE:HHH000401: using driver [com.microsoft.sqlserver.jdbc.SQLServerDriver] at URL [jdbc:sqlserver://127.0.0.1:53041;databaseName=sm_biosis;sendTimeAsDatetime=false]
2016-01-28 09:41:16.344	 INFO	[main]	CLASE: DriverManagerConnectionProviderImpl	 METODO: buildCreator	LINEA:175	MSJE:HHH000046: Connection properties: {user=sa, password=****}
2016-01-28 09:41:16.344	 INFO	[main]	CLASE: DriverManagerConnectionProviderImpl	 METODO: buildCreator	LINEA:180	MSJE:HHH000006: Autocommit mode: false
2016-01-28 09:41:16.347	 INFO	[main]	CLASE: DriverManagerConnectionProviderImpl	 METODO: configure	LINEA:102	MSJE:HHH000115: Hibernate connection pool size: 20 (min=1)
2016-01-28 09:41:16.891	 INFO	[main]	CLASE: Dialect	 METODO: <init>	LINEA:145	MSJE:HHH000400: Using dialect: org.hibernate.dialect.SQLServer2005Dialect
2016-01-28 09:41:17.272	 INFO	[main]	CLASE: ASTQueryTranslatorFactory	 METODO: <init>	LINEA:47	MSJE:HHH000397: Using ASTQueryTranslatorFactory
2016-01-28 09:44:41.576	 WARN	[main]	CLASE: HibernatePersistence	 METODO: logDeprecation	LINEA:58	MSJE:HHH015016: Encountered a deprecated javax.persistence.spi.PersistenceProvider [org.hibernate.ejb.HibernatePersistence]; use [org.hibernate.jpa.HibernatePersistenceProvider] instead.
2016-01-28 09:44:41.580	 WARN	[main]	CLASE: HibernatePersistence	 METODO: logDeprecation	LINEA:58	MSJE:HHH015016: Encountered a deprecated javax.persistence.spi.PersistenceProvider [org.hibernate.ejb.HibernatePersistence]; use [org.hibernate.jpa.HibernatePersistenceProvider] instead.
2016-01-28 09:44:41.581	 WARN	[main]	CLASE: HibernatePersistence	 METODO: logDeprecation	LINEA:58	MSJE:HHH015016: Encountered a deprecated javax.persistence.spi.PersistenceProvider [org.hibernate.ejb.HibernatePersistence]; use [org.hibernate.jpa.HibernatePersistenceProvider] instead.
2016-01-28 09:44:41.727	 INFO	[main]	CLASE: LogHelper	 METODO: logPersistenceUnitInformation	LINEA:46	MSJE:HHH000204: Processing PersistenceUnitInfo [
	name: biosis-PU
	...]
2016-01-28 09:44:41.866	 INFO	[main]	CLASE: Version	 METODO: logVersion	LINEA:54	MSJE:HHH000412: Hibernate Core {4.3.11.Final}
2016-01-28 09:44:41.870	 INFO	[main]	CLASE: Environment	 METODO: <clinit>	LINEA:239	MSJE:HHH000206: hibernate.properties not found
2016-01-28 09:44:41.873	 INFO	[main]	CLASE: Environment	 METODO: buildBytecodeProvider	LINEA:346	MSJE:HHH000021: Bytecode provider name : javassist
2016-01-28 09:44:42.191	 INFO	[main]	CLASE: JavaReflectionManager	 METODO: <clinit>	LINEA:66	MSJE:HCANN000001: Hibernate Commons Annotations {4.0.5.Final}
2016-01-28 09:44:42.280	 WARN	[main]	CLASE: DriverManagerConnectionProviderImpl	 METODO: configure	LINEA:93	MSJE:HHH000402: Using Hibernate built-in connection pool (not for production use!)
2016-01-28 09:44:42.339	 INFO	[main]	CLASE: DriverManagerConnectionProviderImpl	 METODO: buildCreator	LINEA:166	MSJE:HHH000401: using driver [com.microsoft.sqlserver.jdbc.SQLServerDriver] at URL [jdbc:sqlserver://127.0.0.1:53041;databaseName=sm_biosis;sendTimeAsDatetime=false]
2016-01-28 09:44:42.340	 INFO	[main]	CLASE: DriverManagerConnectionProviderImpl	 METODO: buildCreator	LINEA:175	MSJE:HHH000046: Connection properties: {user=sa, password=****}
2016-01-28 09:44:42.340	 INFO	[main]	CLASE: DriverManagerConnectionProviderImpl	 METODO: buildCreator	LINEA:180	MSJE:HHH000006: Autocommit mode: false
2016-01-28 09:44:42.343	 INFO	[main]	CLASE: DriverManagerConnectionProviderImpl	 METODO: configure	LINEA:102	MSJE:HHH000115: Hibernate connection pool size: 20 (min=1)
2016-01-28 09:44:42.942	 INFO	[main]	CLASE: Dialect	 METODO: <init>	LINEA:145	MSJE:HHH000400: Using dialect: org.hibernate.dialect.SQLServer2005Dialect
2016-01-28 09:44:43.432	 INFO	[main]	CLASE: ASTQueryTranslatorFactory	 METODO: <init>	LINEA:47	MSJE:HHH000397: Using ASTQueryTranslatorFactory
2016-01-28 16:04:36.734	 WARN	[main]	CLASE: HibernatePersistence	 METODO: logDeprecation	LINEA:58	MSJE:HHH015016: Encountered a deprecated javax.persistence.spi.PersistenceProvider [org.hibernate.ejb.HibernatePersistence]; use [org.hibernate.jpa.HibernatePersistenceProvider] instead.
2016-01-28 16:04:36.737	 WARN	[main]	CLASE: HibernatePersistence	 METODO: logDeprecation	LINEA:58	MSJE:HHH015016: Encountered a deprecated javax.persistence.spi.PersistenceProvider [org.hibernate.ejb.HibernatePersistence]; use [org.hibernate.jpa.HibernatePersistenceProvider] instead.
2016-01-28 16:04:36.739	 WARN	[main]	CLASE: HibernatePersistence	 METODO: logDeprecation	LINEA:58	MSJE:HHH015016: Encountered a deprecated javax.persistence.spi.PersistenceProvider [org.hibernate.ejb.HibernatePersistence]; use [org.hibernate.jpa.HibernatePersistenceProvider] instead.
2016-01-28 16:04:36.878	 INFO	[main]	CLASE: LogHelper	 METODO: logPersistenceUnitInformation	LINEA:46	MSJE:HHH000204: Processing PersistenceUnitInfo [
	name: biosis-PU
	...]
2016-01-28 16:04:37.026	 INFO	[main]	CLASE: Version	 METODO: logVersion	LINEA:54	MSJE:HHH000412: Hibernate Core {4.3.11.Final}
2016-01-28 16:04:37.042	 INFO	[main]	CLASE: Environment	 METODO: <clinit>	LINEA:239	MSJE:HHH000206: hibernate.properties not found
2016-01-28 16:04:37.046	 INFO	[main]	CLASE: Environment	 METODO: buildBytecodeProvider	LINEA:346	MSJE:HHH000021: Bytecode provider name : javassist
2016-01-28 16:04:37.481	 INFO	[main]	CLASE: JavaReflectionManager	 METODO: <clinit>	LINEA:66	MSJE:HCANN000001: Hibernate Commons Annotations {4.0.5.Final}
2016-01-28 16:04:37.566	 WARN	[main]	CLASE: DriverManagerConnectionProviderImpl	 METODO: configure	LINEA:93	MSJE:HHH000402: Using Hibernate built-in connection pool (not for production use!)
2016-01-28 16:04:37.609	 INFO	[main]	CLASE: DriverManagerConnectionProviderImpl	 METODO: buildCreator	LINEA:166	MSJE:HHH000401: using driver [com.microsoft.sqlserver.jdbc.SQLServerDriver] at URL [jdbc:sqlserver://127.0.0.1:53041;databaseName=sm_biosis;sendTimeAsDatetime=false]
2016-01-28 16:04:37.610	 INFO	[main]	CLASE: DriverManagerConnectionProviderImpl	 METODO: buildCreator	LINEA:175	MSJE:HHH000046: Connection properties: {user=sa, password=****}
2016-01-28 16:04:37.611	 INFO	[main]	CLASE: DriverManagerConnectionProviderImpl	 METODO: buildCreator	LINEA:180	MSJE:HHH000006: Autocommit mode: false
2016-01-28 16:04:37.613	 INFO	[main]	CLASE: DriverManagerConnectionProviderImpl	 METODO: configure	LINEA:102	MSJE:HHH000115: Hibernate connection pool size: 20 (min=1)
2016-01-28 16:04:38.167	 INFO	[main]	CLASE: Dialect	 METODO: <init>	LINEA:145	MSJE:HHH000400: Using dialect: org.hibernate.dialect.SQLServer2005Dialect
2016-01-28 16:04:38.617	 INFO	[main]	CLASE: ASTQueryTranslatorFactory	 METODO: <init>	LINEA:47	MSJE:HHH000397: Using ASTQueryTranslatorFactory
2016-01-28 16:06:19.925	 WARN	[main]	CLASE: HibernatePersistence	 METODO: logDeprecation	LINEA:58	MSJE:HHH015016: Encountered a deprecated javax.persistence.spi.PersistenceProvider [org.hibernate.ejb.HibernatePersistence]; use [org.hibernate.jpa.HibernatePersistenceProvider] instead.
2016-01-28 16:06:19.929	 WARN	[main]	CLASE: HibernatePersistence	 METODO: logDeprecation	LINEA:58	MSJE:HHH015016: Encountered a deprecated javax.persistence.spi.PersistenceProvider [org.hibernate.ejb.HibernatePersistence]; use [org.hibernate.jpa.HibernatePersistenceProvider] instead.
2016-01-28 16:06:19.931	 WARN	[main]	CLASE: HibernatePersistence	 METODO: logDeprecation	LINEA:58	MSJE:HHH015016: Encountered a deprecated javax.persistence.spi.PersistenceProvider [org.hibernate.ejb.HibernatePersistence]; use [org.hibernate.jpa.HibernatePersistenceProvider] instead.
2016-01-28 16:06:20.093	 INFO	[main]	CLASE: LogHelper	 METODO: logPersistenceUnitInformation	LINEA:46	MSJE:HHH000204: Processing PersistenceUnitInfo [
	name: biosis-PU
	...]
2016-01-28 16:06:20.236	 INFO	[main]	CLASE: Version	 METODO: logVersion	LINEA:54	MSJE:HHH000412: Hibernate Core {4.3.11.Final}
2016-01-28 16:06:20.240	 INFO	[main]	CLASE: Environment	 METODO: <clinit>	LINEA:239	MSJE:HHH000206: hibernate.properties not found
2016-01-28 16:06:20.242	 INFO	[main]	CLASE: Environment	 METODO: buildBytecodeProvider	LINEA:346	MSJE:HHH000021: Bytecode provider name : javassist
2016-01-28 16:06:20.528	 INFO	[main]	CLASE: JavaReflectionManager	 METODO: <clinit>	LINEA:66	MSJE:HCANN000001: Hibernate Commons Annotations {4.0.5.Final}
2016-01-28 16:06:20.599	 WARN	[main]	CLASE: DriverManagerConnectionProviderImpl	 METODO: configure	LINEA:93	MSJE:HHH000402: Using Hibernate built-in connection pool (not for production use!)
2016-01-28 16:06:20.644	 INFO	[main]	CLASE: DriverManagerConnectionProviderImpl	 METODO: buildCreator	LINEA:166	MSJE:HHH000401: using driver [com.microsoft.sqlserver.jdbc.SQLServerDriver] at URL [jdbc:sqlserver://127.0.0.1:53041;databaseName=sm_biosis;sendTimeAsDatetime=false]
2016-01-28 16:06:20.644	 INFO	[main]	CLASE: DriverManagerConnectionProviderImpl	 METODO: buildCreator	LINEA:175	MSJE:HHH000046: Connection properties: {user=sa, password=****}
2016-01-28 16:06:20.645	 INFO	[main]	CLASE: DriverManagerConnectionProviderImpl	 METODO: buildCreator	LINEA:180	MSJE:HHH000006: Autocommit mode: false
2016-01-28 16:06:20.648	 INFO	[main]	CLASE: DriverManagerConnectionProviderImpl	 METODO: configure	LINEA:102	MSJE:HHH000115: Hibernate connection pool size: 20 (min=1)
2016-01-28 16:06:21.252	 INFO	[main]	CLASE: Dialect	 METODO: <init>	LINEA:145	MSJE:HHH000400: Using dialect: org.hibernate.dialect.SQLServer2005Dialect
2016-01-28 16:06:21.632	 INFO	[main]	CLASE: ASTQueryTranslatorFactory	 METODO: <init>	LINEA:47	MSJE:HHH000397: Using ASTQueryTranslatorFactory
2016-01-28 16:08:11.622	 WARN	[main]	CLASE: HibernatePersistence	 METODO: logDeprecation	LINEA:58	MSJE:HHH015016: Encountered a deprecated javax.persistence.spi.PersistenceProvider [org.hibernate.ejb.HibernatePersistence]; use [org.hibernate.jpa.HibernatePersistenceProvider] instead.
2016-01-28 16:08:11.625	 WARN	[main]	CLASE: HibernatePersistence	 METODO: logDeprecation	LINEA:58	MSJE:HHH015016: Encountered a deprecated javax.persistence.spi.PersistenceProvider [org.hibernate.ejb.HibernatePersistence]; use [org.hibernate.jpa.HibernatePersistenceProvider] instead.
2016-01-28 16:08:11.626	 WARN	[main]	CLASE: HibernatePersistence	 METODO: logDeprecation	LINEA:58	MSJE:HHH015016: Encountered a deprecated javax.persistence.spi.PersistenceProvider [org.hibernate.ejb.HibernatePersistence]; use [org.hibernate.jpa.HibernatePersistenceProvider] instead.
2016-01-28 16:08:11.775	 INFO	[main]	CLASE: LogHelper	 METODO: logPersistenceUnitInformation	LINEA:46	MSJE:HHH000204: Processing PersistenceUnitInfo [
	name: biosis-PU
	...]
2016-01-28 16:08:11.900	 INFO	[main]	CLASE: Version	 METODO: logVersion	LINEA:54	MSJE:HHH000412: Hibernate Core {4.3.11.Final}
2016-01-28 16:08:11.903	 INFO	[main]	CLASE: Environment	 METODO: <clinit>	LINEA:239	MSJE:HHH000206: hibernate.properties not found
2016-01-28 16:08:11.906	 INFO	[main]	CLASE: Environment	 METODO: buildBytecodeProvider	LINEA:346	MSJE:HHH000021: Bytecode provider name : javassist
2016-01-28 16:08:12.183	 INFO	[main]	CLASE: JavaReflectionManager	 METODO: <clinit>	LINEA:66	MSJE:HCANN000001: Hibernate Commons Annotations {4.0.5.Final}
2016-01-28 16:08:12.250	 WARN	[main]	CLASE: DriverManagerConnectionProviderImpl	 METODO: configure	LINEA:93	MSJE:HHH000402: Using Hibernate built-in connection pool (not for production use!)
2016-01-28 16:08:12.292	 INFO	[main]	CLASE: DriverManagerConnectionProviderImpl	 METODO: buildCreator	LINEA:166	MSJE:HHH000401: using driver [com.microsoft.sqlserver.jdbc.SQLServerDriver] at URL [jdbc:sqlserver://127.0.0.1:53041;databaseName=sm_biosis;sendTimeAsDatetime=false]
2016-01-28 16:08:12.293	 INFO	[main]	CLASE: DriverManagerConnectionProviderImpl	 METODO: buildCreator	LINEA:175	MSJE:HHH000046: Connection properties: {user=sa, password=****}
2016-01-28 16:08:12.294	 INFO	[main]	CLASE: DriverManagerConnectionProviderImpl	 METODO: buildCreator	LINEA:180	MSJE:HHH000006: Autocommit mode: false
2016-01-28 16:08:12.296	 INFO	[main]	CLASE: DriverManagerConnectionProviderImpl	 METODO: configure	LINEA:102	MSJE:HHH000115: Hibernate connection pool size: 20 (min=1)
2016-01-28 16:08:12.823	 INFO	[main]	CLASE: Dialect	 METODO: <init>	LINEA:145	MSJE:HHH000400: Using dialect: org.hibernate.dialect.SQLServer2005Dialect
2016-01-28 16:08:13.178	 INFO	[main]	CLASE: ASTQueryTranslatorFactory	 METODO: <init>	LINEA:47	MSJE:HHH000397: Using ASTQueryTranslatorFactory
2016-01-29 10:11:58.998	 WARN	[main]	CLASE: HibernatePersistence	 METODO: logDeprecation	LINEA:58	MSJE:HHH015016: Encountered a deprecated javax.persistence.spi.PersistenceProvider [org.hibernate.ejb.HibernatePersistence]; use [org.hibernate.jpa.HibernatePersistenceProvider] instead.
2016-01-29 10:11:59.021	 WARN	[main]	CLASE: HibernatePersistence	 METODO: logDeprecation	LINEA:58	MSJE:HHH015016: Encountered a deprecated javax.persistence.spi.PersistenceProvider [org.hibernate.ejb.HibernatePersistence]; use [org.hibernate.jpa.HibernatePersistenceProvider] instead.
2016-01-29 10:11:59.022	 WARN	[main]	CLASE: HibernatePersistence	 METODO: logDeprecation	LINEA:58	MSJE:HHH015016: Encountered a deprecated javax.persistence.spi.PersistenceProvider [org.hibernate.ejb.HibernatePersistence]; use [org.hibernate.jpa.HibernatePersistenceProvider] instead.
2016-01-29 10:11:59.809	 INFO	[main]	CLASE: LogHelper	 METODO: logPersistenceUnitInformation	LINEA:46	MSJE:HHH000204: Processing PersistenceUnitInfo [
	name: biosis-PU
	...]
2016-01-29 10:12:00.166	 INFO	[main]	CLASE: Version	 METODO: logVersion	LINEA:54	MSJE:HHH000412: Hibernate Core {4.3.11.Final}
2016-01-29 10:12:00.174	 INFO	[main]	CLASE: Environment	 METODO: <clinit>	LINEA:239	MSJE:HHH000206: hibernate.properties not found
2016-01-29 10:12:00.179	 INFO	[main]	CLASE: Environment	 METODO: buildBytecodeProvider	LINEA:346	MSJE:HHH000021: Bytecode provider name : javassist
2016-01-29 10:12:00.770	 INFO	[main]	CLASE: JavaReflectionManager	 METODO: <clinit>	LINEA:66	MSJE:HCANN000001: Hibernate Commons Annotations {4.0.5.Final}
2016-01-29 10:12:00.903	 WARN	[main]	CLASE: DriverManagerConnectionProviderImpl	 METODO: configure	LINEA:93	MSJE:HHH000402: Using Hibernate built-in connection pool (not for production use!)
2016-01-29 10:12:01.083	 INFO	[main]	CLASE: DriverManagerConnectionProviderImpl	 METODO: buildCreator	LINEA:166	MSJE:HHH000401: using driver [com.microsoft.sqlserver.jdbc.SQLServerDriver] at URL [jdbc:sqlserver://127.0.0.1:53041;databaseName=sm_biosis;sendTimeAsDatetime=false]
2016-01-29 10:12:01.084	 INFO	[main]	CLASE: DriverManagerConnectionProviderImpl	 METODO: buildCreator	LINEA:175	MSJE:HHH000046: Connection properties: {user=sa, password=****}
2016-01-29 10:12:01.085	 INFO	[main]	CLASE: DriverManagerConnectionProviderImpl	 METODO: buildCreator	LINEA:180	MSJE:HHH000006: Autocommit mode: false
2016-01-29 10:12:01.088	 INFO	[main]	CLASE: DriverManagerConnectionProviderImpl	 METODO: configure	LINEA:102	MSJE:HHH000115: Hibernate connection pool size: 20 (min=1)
2016-01-29 10:12:05.543	 INFO	[main]	CLASE: Dialect	 METODO: <init>	LINEA:145	MSJE:HHH000400: Using dialect: org.hibernate.dialect.SQLServer2005Dialect
2016-01-29 10:12:06.134	 INFO	[main]	CLASE: ASTQueryTranslatorFactory	 METODO: <init>	LINEA:47	MSJE:HHH000397: Using ASTQueryTranslatorFactory
2016-01-29 10:31:20.229	 WARN	[main]	CLASE: HibernatePersistence	 METODO: logDeprecation	LINEA:58	MSJE:HHH015016: Encountered a deprecated javax.persistence.spi.PersistenceProvider [org.hibernate.ejb.HibernatePersistence]; use [org.hibernate.jpa.HibernatePersistenceProvider] instead.
2016-01-29 10:31:20.234	 WARN	[main]	CLASE: HibernatePersistence	 METODO: logDeprecation	LINEA:58	MSJE:HHH015016: Encountered a deprecated javax.persistence.spi.PersistenceProvider [org.hibernate.ejb.HibernatePersistence]; use [org.hibernate.jpa.HibernatePersistenceProvider] instead.
2016-01-29 10:31:20.235	 WARN	[main]	CLASE: HibernatePersistence	 METODO: logDeprecation	LINEA:58	MSJE:HHH015016: Encountered a deprecated javax.persistence.spi.PersistenceProvider [org.hibernate.ejb.HibernatePersistence]; use [org.hibernate.jpa.HibernatePersistenceProvider] instead.
2016-01-29 10:31:20.431	 INFO	[main]	CLASE: LogHelper	 METODO: logPersistenceUnitInformation	LINEA:46	MSJE:HHH000204: Processing PersistenceUnitInfo [
	name: biosis-PU
	...]
2016-01-29 10:31:20.580	 INFO	[main]	CLASE: Version	 METODO: logVersion	LINEA:54	MSJE:HHH000412: Hibernate Core {4.3.11.Final}
2016-01-29 10:31:20.583	 INFO	[main]	CLASE: Environment	 METODO: <clinit>	LINEA:239	MSJE:HHH000206: hibernate.properties not found
2016-01-29 10:31:20.586	 INFO	[main]	CLASE: Environment	 METODO: buildBytecodeProvider	LINEA:346	MSJE:HHH000021: Bytecode provider name : javassist
2016-01-29 10:31:20.953	 INFO	[main]	CLASE: JavaReflectionManager	 METODO: <clinit>	LINEA:66	MSJE:HCANN000001: Hibernate Commons Annotations {4.0.5.Final}
2016-01-29 10:31:21.029	 WARN	[main]	CLASE: DriverManagerConnectionProviderImpl	 METODO: configure	LINEA:93	MSJE:HHH000402: Using Hibernate built-in connection pool (not for production use!)
2016-01-29 10:31:21.082	 INFO	[main]	CLASE: DriverManagerConnectionProviderImpl	 METODO: buildCreator	LINEA:166	MSJE:HHH000401: using driver [com.microsoft.sqlserver.jdbc.SQLServerDriver] at URL [jdbc:sqlserver://127.0.0.1:53041;databaseName=sm_biosis;sendTimeAsDatetime=false]
2016-01-29 10:31:21.082	 INFO	[main]	CLASE: DriverManagerConnectionProviderImpl	 METODO: buildCreator	LINEA:175	MSJE:HHH000046: Connection properties: {user=sa, password=****}
2016-01-29 10:31:21.083	 INFO	[main]	CLASE: DriverManagerConnectionProviderImpl	 METODO: buildCreator	LINEA:180	MSJE:HHH000006: Autocommit mode: false
2016-01-29 10:31:21.086	 INFO	[main]	CLASE: DriverManagerConnectionProviderImpl	 METODO: configure	LINEA:102	MSJE:HHH000115: Hibernate connection pool size: 20 (min=1)
2016-01-29 10:31:21.591	 INFO	[main]	CLASE: Dialect	 METODO: <init>	LINEA:145	MSJE:HHH000400: Using dialect: org.hibernate.dialect.SQLServer2005Dialect
2016-01-29 10:31:21.949	 INFO	[main]	CLASE: ASTQueryTranslatorFactory	 METODO: <init>	LINEA:47	MSJE:HHH000397: Using ASTQueryTranslatorFactory
2016-01-29 10:38:27.469	 WARN	[main]	CLASE: HibernatePersistence	 METODO: logDeprecation	LINEA:58	MSJE:HHH015016: Encountered a deprecated javax.persistence.spi.PersistenceProvider [org.hibernate.ejb.HibernatePersistence]; use [org.hibernate.jpa.HibernatePersistenceProvider] instead.
2016-01-29 10:38:27.473	 WARN	[main]	CLASE: HibernatePersistence	 METODO: logDeprecation	LINEA:58	MSJE:HHH015016: Encountered a deprecated javax.persistence.spi.PersistenceProvider [org.hibernate.ejb.HibernatePersistence]; use [org.hibernate.jpa.HibernatePersistenceProvider] instead.
2016-01-29 10:38:27.474	 WARN	[main]	CLASE: HibernatePersistence	 METODO: logDeprecation	LINEA:58	MSJE:HHH015016: Encountered a deprecated javax.persistence.spi.PersistenceProvider [org.hibernate.ejb.HibernatePersistence]; use [org.hibernate.jpa.HibernatePersistenceProvider] instead.
2016-01-29 10:38:27.623	 INFO	[main]	CLASE: LogHelper	 METODO: logPersistenceUnitInformation	LINEA:46	MSJE:HHH000204: Processing PersistenceUnitInfo [
	name: biosis-PU
	...]
2016-01-29 10:38:27.761	 INFO	[main]	CLASE: Version	 METODO: logVersion	LINEA:54	MSJE:HHH000412: Hibernate Core {4.3.11.Final}
2016-01-29 10:38:27.764	 INFO	[main]	CLASE: Environment	 METODO: <clinit>	LINEA:239	MSJE:HHH000206: hibernate.properties not found
2016-01-29 10:38:27.767	 INFO	[main]	CLASE: Environment	 METODO: buildBytecodeProvider	LINEA:346	MSJE:HHH000021: Bytecode provider name : javassist
2016-01-29 10:38:28.208	 INFO	[main]	CLASE: JavaReflectionManager	 METODO: <clinit>	LINEA:66	MSJE:HCANN000001: Hibernate Commons Annotations {4.0.5.Final}
2016-01-29 10:38:28.282	 WARN	[main]	CLASE: DriverManagerConnectionProviderImpl	 METODO: configure	LINEA:93	MSJE:HHH000402: Using Hibernate built-in connection pool (not for production use!)
2016-01-29 10:38:28.321	 INFO	[main]	CLASE: DriverManagerConnectionProviderImpl	 METODO: buildCreator	LINEA:166	MSJE:HHH000401: using driver [com.microsoft.sqlserver.jdbc.SQLServerDriver] at URL [jdbc:sqlserver://127.0.0.1:53041;databaseName=sm_biosis;sendTimeAsDatetime=false]
2016-01-29 10:38:28.322	 INFO	[main]	CLASE: DriverManagerConnectionProviderImpl	 METODO: buildCreator	LINEA:175	MSJE:HHH000046: Connection properties: {user=sa, password=****}
2016-01-29 10:38:28.323	 INFO	[main]	CLASE: DriverManagerConnectionProviderImpl	 METODO: buildCreator	LINEA:180	MSJE:HHH000006: Autocommit mode: false
2016-01-29 10:38:28.326	 INFO	[main]	CLASE: DriverManagerConnectionProviderImpl	 METODO: configure	LINEA:102	MSJE:HHH000115: Hibernate connection pool size: 20 (min=1)
2016-01-29 10:38:28.916	 INFO	[main]	CLASE: Dialect	 METODO: <init>	LINEA:145	MSJE:HHH000400: Using dialect: org.hibernate.dialect.SQLServer2005Dialect
2016-01-29 10:38:29.298	 INFO	[main]	CLASE: ASTQueryTranslatorFactory	 METODO: <init>	LINEA:47	MSJE:HHH000397: Using ASTQueryTranslatorFactory
2016-01-29 10:46:06.706	 WARN	[main]	CLASE: HibernatePersistence	 METODO: logDeprecation	LINEA:58	MSJE:HHH015016: Encountered a deprecated javax.persistence.spi.PersistenceProvider [org.hibernate.ejb.HibernatePersistence]; use [org.hibernate.jpa.HibernatePersistenceProvider] instead.
2016-01-29 10:46:06.714	 WARN	[main]	CLASE: HibernatePersistence	 METODO: logDeprecation	LINEA:58	MSJE:HHH015016: Encountered a deprecated javax.persistence.spi.PersistenceProvider [org.hibernate.ejb.HibernatePersistence]; use [org.hibernate.jpa.HibernatePersistenceProvider] instead.
2016-01-29 10:46:06.718	 WARN	[main]	CLASE: HibernatePersistence	 METODO: logDeprecation	LINEA:58	MSJE:HHH015016: Encountered a deprecated javax.persistence.spi.PersistenceProvider [org.hibernate.ejb.HibernatePersistence]; use [org.hibernate.jpa.HibernatePersistenceProvider] instead.
2016-01-29 10:46:06.916	 INFO	[main]	CLASE: LogHelper	 METODO: logPersistenceUnitInformation	LINEA:46	MSJE:HHH000204: Processing PersistenceUnitInfo [
	name: biosis-PU
	...]
2016-01-29 10:46:07.068	 INFO	[main]	CLASE: Version	 METODO: logVersion	LINEA:54	MSJE:HHH000412: Hibernate Core {4.3.11.Final}
2016-01-29 10:46:07.071	 INFO	[main]	CLASE: Environment	 METODO: <clinit>	LINEA:239	MSJE:HHH000206: hibernate.properties not found
2016-01-29 10:46:07.075	 INFO	[main]	CLASE: Environment	 METODO: buildBytecodeProvider	LINEA:346	MSJE:HHH000021: Bytecode provider name : javassist
2016-01-29 10:46:07.525	 INFO	[main]	CLASE: JavaReflectionManager	 METODO: <clinit>	LINEA:66	MSJE:HCANN000001: Hibernate Commons Annotations {4.0.5.Final}
2016-01-29 10:46:07.633	 WARN	[main]	CLASE: DriverManagerConnectionProviderImpl	 METODO: configure	LINEA:93	MSJE:HHH000402: Using Hibernate built-in connection pool (not for production use!)
2016-01-29 10:46:07.690	 INFO	[main]	CLASE: DriverManagerConnectionProviderImpl	 METODO: buildCreator	LINEA:166	MSJE:HHH000401: using driver [com.microsoft.sqlserver.jdbc.SQLServerDriver] at URL [jdbc:sqlserver://127.0.0.1:53041;databaseName=sm_biosis;sendTimeAsDatetime=false]
2016-01-29 10:46:07.691	 INFO	[main]	CLASE: DriverManagerConnectionProviderImpl	 METODO: buildCreator	LINEA:175	MSJE:HHH000046: Connection properties: {user=sa, password=****}
2016-01-29 10:46:07.691	 INFO	[main]	CLASE: DriverManagerConnectionProviderImpl	 METODO: buildCreator	LINEA:180	MSJE:HHH000006: Autocommit mode: false
2016-01-29 10:46:07.694	 INFO	[main]	CLASE: DriverManagerConnectionProviderImpl	 METODO: configure	LINEA:102	MSJE:HHH000115: Hibernate connection pool size: 20 (min=1)
2016-01-29 10:46:08.248	 INFO	[main]	CLASE: Dialect	 METODO: <init>	LINEA:145	MSJE:HHH000400: Using dialect: org.hibernate.dialect.SQLServer2005Dialect
2016-01-29 10:46:08.667	 INFO	[main]	CLASE: ASTQueryTranslatorFactory	 METODO: <init>	LINEA:47	MSJE:HHH000397: Using ASTQueryTranslatorFactory
2016-01-29 10:47:46.126	 WARN	[main]	CLASE: HibernatePersistence	 METODO: logDeprecation	LINEA:58	MSJE:HHH015016: Encountered a deprecated javax.persistence.spi.PersistenceProvider [org.hibernate.ejb.HibernatePersistence]; use [org.hibernate.jpa.HibernatePersistenceProvider] instead.
2016-01-29 10:47:46.129	 WARN	[main]	CLASE: HibernatePersistence	 METODO: logDeprecation	LINEA:58	MSJE:HHH015016: Encountered a deprecated javax.persistence.spi.PersistenceProvider [org.hibernate.ejb.HibernatePersistence]; use [org.hibernate.jpa.HibernatePersistenceProvider] instead.
2016-01-29 10:47:46.131	 WARN	[main]	CLASE: HibernatePersistence	 METODO: logDeprecation	LINEA:58	MSJE:HHH015016: Encountered a deprecated javax.persistence.spi.PersistenceProvider [org.hibernate.ejb.HibernatePersistence]; use [org.hibernate.jpa.HibernatePersistenceProvider] instead.
2016-01-29 10:47:46.268	 INFO	[main]	CLASE: LogHelper	 METODO: logPersistenceUnitInformation	LINEA:46	MSJE:HHH000204: Processing PersistenceUnitInfo [
	name: biosis-PU
	...]
2016-01-29 10:47:46.403	 INFO	[main]	CLASE: Version	 METODO: logVersion	LINEA:54	MSJE:HHH000412: Hibernate Core {4.3.11.Final}
2016-01-29 10:47:46.407	 INFO	[main]	CLASE: Environment	 METODO: <clinit>	LINEA:239	MSJE:HHH000206: hibernate.properties not found
2016-01-29 10:47:46.410	 INFO	[main]	CLASE: Environment	 METODO: buildBytecodeProvider	LINEA:346	MSJE:HHH000021: Bytecode provider name : javassist
2016-01-29 10:47:46.744	 INFO	[main]	CLASE: JavaReflectionManager	 METODO: <clinit>	LINEA:66	MSJE:HCANN000001: Hibernate Commons Annotations {4.0.5.Final}
2016-01-29 10:47:46.822	 WARN	[main]	CLASE: DriverManagerConnectionProviderImpl	 METODO: configure	LINEA:93	MSJE:HHH000402: Using Hibernate built-in connection pool (not for production use!)
2016-01-29 10:47:46.869	 INFO	[main]	CLASE: DriverManagerConnectionProviderImpl	 METODO: buildCreator	LINEA:166	MSJE:HHH000401: using driver [com.microsoft.sqlserver.jdbc.SQLServerDriver] at URL [jdbc:sqlserver://127.0.0.1:53041;databaseName=sm_biosis;sendTimeAsDatetime=false]
2016-01-29 10:47:46.870	 INFO	[main]	CLASE: DriverManagerConnectionProviderImpl	 METODO: buildCreator	LINEA:175	MSJE:HHH000046: Connection properties: {user=sa, password=****}
2016-01-29 10:47:46.870	 INFO	[main]	CLASE: DriverManagerConnectionProviderImpl	 METODO: buildCreator	LINEA:180	MSJE:HHH000006: Autocommit mode: false
2016-01-29 10:47:46.873	 INFO	[main]	CLASE: DriverManagerConnectionProviderImpl	 METODO: configure	LINEA:102	MSJE:HHH000115: Hibernate connection pool size: 20 (min=1)
2016-01-29 10:47:47.402	 INFO	[main]	CLASE: Dialect	 METODO: <init>	LINEA:145	MSJE:HHH000400: Using dialect: org.hibernate.dialect.SQLServer2005Dialect
2016-01-29 10:47:47.836	 INFO	[main]	CLASE: ASTQueryTranslatorFactory	 METODO: <init>	LINEA:47	MSJE:HHH000397: Using ASTQueryTranslatorFactory
2016-01-29 13:06:52.819	 WARN	[main]	CLASE: HibernatePersistence	 METODO: logDeprecation	LINEA:58	MSJE:HHH015016: Encountered a deprecated javax.persistence.spi.PersistenceProvider [org.hibernate.ejb.HibernatePersistence]; use [org.hibernate.jpa.HibernatePersistenceProvider] instead.
2016-01-29 13:06:52.823	 WARN	[main]	CLASE: HibernatePersistence	 METODO: logDeprecation	LINEA:58	MSJE:HHH015016: Encountered a deprecated javax.persistence.spi.PersistenceProvider [org.hibernate.ejb.HibernatePersistence]; use [org.hibernate.jpa.HibernatePersistenceProvider] instead.
2016-01-29 13:06:52.825	 WARN	[main]	CLASE: HibernatePersistence	 METODO: logDeprecation	LINEA:58	MSJE:HHH015016: Encountered a deprecated javax.persistence.spi.PersistenceProvider [org.hibernate.ejb.HibernatePersistence]; use [org.hibernate.jpa.HibernatePersistenceProvider] instead.
2016-01-29 13:06:53.015	 INFO	[main]	CLASE: LogHelper	 METODO: logPersistenceUnitInformation	LINEA:46	MSJE:HHH000204: Processing PersistenceUnitInfo [
	name: biosis-PU
	...]
2016-01-29 13:06:53.183	 INFO	[main]	CLASE: Version	 METODO: logVersion	LINEA:54	MSJE:HHH000412: Hibernate Core {4.3.11.Final}
2016-01-29 13:06:53.187	 INFO	[main]	CLASE: Environment	 METODO: <clinit>	LINEA:239	MSJE:HHH000206: hibernate.properties not found
2016-01-29 13:06:53.191	 INFO	[main]	CLASE: Environment	 METODO: buildBytecodeProvider	LINEA:346	MSJE:HHH000021: Bytecode provider name : javassist
2016-01-29 13:06:53.620	 INFO	[main]	CLASE: JavaReflectionManager	 METODO: <clinit>	LINEA:66	MSJE:HCANN000001: Hibernate Commons Annotations {4.0.5.Final}
2016-01-29 13:06:53.712	 WARN	[main]	CLASE: DriverManagerConnectionProviderImpl	 METODO: configure	LINEA:93	MSJE:HHH000402: Using Hibernate built-in connection pool (not for production use!)
2016-01-29 13:06:53.767	 INFO	[main]	CLASE: DriverManagerConnectionProviderImpl	 METODO: buildCreator	LINEA:166	MSJE:HHH000401: using driver [com.microsoft.sqlserver.jdbc.SQLServerDriver] at URL [jdbc:sqlserver://127.0.0.1:53041;databaseName=sm_biosis;sendTimeAsDatetime=false]
2016-01-29 13:06:53.768	 INFO	[main]	CLASE: DriverManagerConnectionProviderImpl	 METODO: buildCreator	LINEA:175	MSJE:HHH000046: Connection properties: {user=sa, password=****}
2016-01-29 13:06:53.768	 INFO	[main]	CLASE: DriverManagerConnectionProviderImpl	 METODO: buildCreator	LINEA:180	MSJE:HHH000006: Autocommit mode: false
2016-01-29 13:06:53.772	 INFO	[main]	CLASE: DriverManagerConnectionProviderImpl	 METODO: configure	LINEA:102	MSJE:HHH000115: Hibernate connection pool size: 20 (min=1)
2016-01-29 13:06:54.436	 INFO	[main]	CLASE: Dialect	 METODO: <init>	LINEA:145	MSJE:HHH000400: Using dialect: org.hibernate.dialect.SQLServer2005Dialect
2016-01-29 13:06:54.911	 INFO	[main]	CLASE: ASTQueryTranslatorFactory	 METODO: <init>	LINEA:47	MSJE:HHH000397: Using ASTQueryTranslatorFactory
2016-01-29 13:13:17.984	 WARN	[main]	CLASE: HibernatePersistence	 METODO: logDeprecation	LINEA:58	MSJE:HHH015016: Encountered a deprecated javax.persistence.spi.PersistenceProvider [org.hibernate.ejb.HibernatePersistence]; use [org.hibernate.jpa.HibernatePersistenceProvider] instead.
2016-01-29 13:13:17.988	 WARN	[main]	CLASE: HibernatePersistence	 METODO: logDeprecation	LINEA:58	MSJE:HHH015016: Encountered a deprecated javax.persistence.spi.PersistenceProvider [org.hibernate.ejb.HibernatePersistence]; use [org.hibernate.jpa.HibernatePersistenceProvider] instead.
2016-01-29 13:13:17.990	 WARN	[main]	CLASE: HibernatePersistence	 METODO: logDeprecation	LINEA:58	MSJE:HHH015016: Encountered a deprecated javax.persistence.spi.PersistenceProvider [org.hibernate.ejb.HibernatePersistence]; use [org.hibernate.jpa.HibernatePersistenceProvider] instead.
2016-01-29 13:13:18.194	 INFO	[main]	CLASE: LogHelper	 METODO: logPersistenceUnitInformation	LINEA:46	MSJE:HHH000204: Processing PersistenceUnitInfo [
	name: biosis-PU
	...]
2016-01-29 13:13:18.366	 INFO	[main]	CLASE: Version	 METODO: logVersion	LINEA:54	MSJE:HHH000412: Hibernate Core {4.3.11.Final}
2016-01-29 13:13:18.370	 INFO	[main]	CLASE: Environment	 METODO: <clinit>	LINEA:239	MSJE:HHH000206: hibernate.properties not found
2016-01-29 13:13:18.375	 INFO	[main]	CLASE: Environment	 METODO: buildBytecodeProvider	LINEA:346	MSJE:HHH000021: Bytecode provider name : javassist
2016-01-29 13:13:18.789	 INFO	[main]	CLASE: JavaReflectionManager	 METODO: <clinit>	LINEA:66	MSJE:HCANN000001: Hibernate Commons Annotations {4.0.5.Final}
2016-01-29 13:13:18.883	 WARN	[main]	CLASE: DriverManagerConnectionProviderImpl	 METODO: configure	LINEA:93	MSJE:HHH000402: Using Hibernate built-in connection pool (not for production use!)
2016-01-29 13:13:18.927	 INFO	[main]	CLASE: DriverManagerConnectionProviderImpl	 METODO: buildCreator	LINEA:166	MSJE:HHH000401: using driver [com.microsoft.sqlserver.jdbc.SQLServerDriver] at URL [jdbc:sqlserver://127.0.0.1:53041;databaseName=sm_biosis;sendTimeAsDatetime=false]
2016-01-29 13:13:18.928	 INFO	[main]	CLASE: DriverManagerConnectionProviderImpl	 METODO: buildCreator	LINEA:175	MSJE:HHH000046: Connection properties: {user=sa, password=****}
2016-01-29 13:13:18.928	 INFO	[main]	CLASE: DriverManagerConnectionProviderImpl	 METODO: buildCreator	LINEA:180	MSJE:HHH000006: Autocommit mode: false
2016-01-29 13:13:18.931	 INFO	[main]	CLASE: DriverManagerConnectionProviderImpl	 METODO: configure	LINEA:102	MSJE:HHH000115: Hibernate connection pool size: 20 (min=1)
2016-01-29 13:13:19.529	 INFO	[main]	CLASE: Dialect	 METODO: <init>	LINEA:145	MSJE:HHH000400: Using dialect: org.hibernate.dialect.SQLServer2005Dialect
2016-01-29 13:13:20.042	 INFO	[main]	CLASE: ASTQueryTranslatorFactory	 METODO: <init>	LINEA:47	MSJE:HHH000397: Using ASTQueryTranslatorFactory
2016-01-29 13:15:02.160	 WARN	[main]	CLASE: HibernatePersistence	 METODO: logDeprecation	LINEA:58	MSJE:HHH015016: Encountered a deprecated javax.persistence.spi.PersistenceProvider [org.hibernate.ejb.HibernatePersistence]; use [org.hibernate.jpa.HibernatePersistenceProvider] instead.
2016-01-29 13:15:02.166	 WARN	[main]	CLASE: HibernatePersistence	 METODO: logDeprecation	LINEA:58	MSJE:HHH015016: Encountered a deprecated javax.persistence.spi.PersistenceProvider [org.hibernate.ejb.HibernatePersistence]; use [org.hibernate.jpa.HibernatePersistenceProvider] instead.
2016-01-29 13:15:02.168	 WARN	[main]	CLASE: HibernatePersistence	 METODO: logDeprecation	LINEA:58	MSJE:HHH015016: Encountered a deprecated javax.persistence.spi.PersistenceProvider [org.hibernate.ejb.HibernatePersistence]; use [org.hibernate.jpa.HibernatePersistenceProvider] instead.
2016-01-29 13:15:02.326	 INFO	[main]	CLASE: LogHelper	 METODO: logPersistenceUnitInformation	LINEA:46	MSJE:HHH000204: Processing PersistenceUnitInfo [
	name: biosis-PU
	...]
2016-01-29 13:15:02.460	 INFO	[main]	CLASE: Version	 METODO: logVersion	LINEA:54	MSJE:HHH000412: Hibernate Core {4.3.11.Final}
2016-01-29 13:15:02.463	 INFO	[main]	CLASE: Environment	 METODO: <clinit>	LINEA:239	MSJE:HHH000206: hibernate.properties not found
2016-01-29 13:15:02.466	 INFO	[main]	CLASE: Environment	 METODO: buildBytecodeProvider	LINEA:346	MSJE:HHH000021: Bytecode provider name : javassist
2016-01-29 13:15:02.767	 INFO	[main]	CLASE: JavaReflectionManager	 METODO: <clinit>	LINEA:66	MSJE:HCANN000001: Hibernate Commons Annotations {4.0.5.Final}
2016-01-29 13:15:02.855	 WARN	[main]	CLASE: DriverManagerConnectionProviderImpl	 METODO: configure	LINEA:93	MSJE:HHH000402: Using Hibernate built-in connection pool (not for production use!)
2016-01-29 13:15:02.907	 INFO	[main]	CLASE: DriverManagerConnectionProviderImpl	 METODO: buildCreator	LINEA:166	MSJE:HHH000401: using driver [com.microsoft.sqlserver.jdbc.SQLServerDriver] at URL [jdbc:sqlserver://127.0.0.1:53041;databaseName=sm_biosis;sendTimeAsDatetime=false]
2016-01-29 13:15:02.908	 INFO	[main]	CLASE: DriverManagerConnectionProviderImpl	 METODO: buildCreator	LINEA:175	MSJE:HHH000046: Connection properties: {user=sa, password=****}
2016-01-29 13:15:02.908	 INFO	[main]	CLASE: DriverManagerConnectionProviderImpl	 METODO: buildCreator	LINEA:180	MSJE:HHH000006: Autocommit mode: false
2016-01-29 13:15:02.912	 INFO	[main]	CLASE: DriverManagerConnectionProviderImpl	 METODO: configure	LINEA:102	MSJE:HHH000115: Hibernate connection pool size: 20 (min=1)
2016-01-29 13:15:03.419	 INFO	[main]	CLASE: Dialect	 METODO: <init>	LINEA:145	MSJE:HHH000400: Using dialect: org.hibernate.dialect.SQLServer2005Dialect
2016-01-29 13:15:03.804	 INFO	[main]	CLASE: ASTQueryTranslatorFactory	 METODO: <init>	LINEA:47	MSJE:HHH000397: Using ASTQueryTranslatorFactory
